<html>
<head>
<title>TestNG:  Regression Test 2</title>
<link href="../testng.css" rel="stylesheet" type="text/css" />
<link href="../my-testng.css" rel="stylesheet" type="text/css" />

<style type="text/css">
.log { display: none;} 
.stack-trace { display: none;} 
</style>
<script type="text/javascript">
<!--
function flip(e) {
  current = e.style.display;
  if (current == 'block') {
    e.style.display = 'none';
    return 0;
  }
  else {
    e.style.display = 'block';
    return 1;
  }
}

function toggleBox(szDivId, elem, msg1, msg2)
{
  var res = -1;  if (document.getElementById) {
    res = flip(document.getElementById(szDivId));
  }
  else if (document.all) {
    // this is the way old msie versions work
    res = flip(document.all[szDivId]);
  }
  if(elem) {
    if(res == 0) elem.innerHTML = msg1; else elem.innerHTML = msg2;
  }

}

function toggleAllBoxes() {
  if (document.getElementsByTagName) {
    d = document.getElementsByTagName('div');
    for (i = 0; i < d.length; i++) {
      if (d[i].className == 'log') {
        flip(d[i]);
      }
    }
  }
}

// -->
</script>

</head>
<body>
<h2 align='center'>Regression Test 2</h2><table border='1' align="center">
<tr>
<td>Tests passed/Failed/Skipped:</td><td>6/1/0</td>
</tr><tr>
<td>Started on:</td><td>Tue Jun 23 20:20:59 IST 2020</td>
</tr>
<tr><td>Total time:</td><td>100 seconds (100368 ms)</td>
</tr><tr>
<td>Included groups:</td><td></td>
</tr><tr>
<td>Excluded groups:</td><td></td>
</tr>
</table><p/>
<small><i>(Hover the method name to see the test class name)</i></small><p/>
<table width='100%' border='1' class='invocation-failed'>
<tr><td colspan='4' align='center'><b>FAILED TESTS</b></td></tr>
<tr><td><b>Test method</b></td>
<td width="30%"><b>Exception</b></td>
<td width="10%"><b>Time (seconds)</b></td>
<td><b>Instance</b></td>
</tr>
<tr>
<td title='TestCases.InvalidTestCases.test_Invalid_Password_Details()'><b>test_Invalid_Password_Details</b><br>Test class: TestCases.InvalidTestCases</td>
<td><div><pre>org.openqa.selenium.TimeoutException: Expected condition failed: waiting for text (&apos;yuvan&apos;) to be present in element [[RemoteWebDriver: chrome on WINDOWS (17980f7348df41817ebca3968d879b51)] -&gt; xpath: /html[1]/body[1]/div[1]/div[1]/div[1]/div[1]/div[1]/ul[1]/li[6]/div[1]/p[1]] (tried for 30 second(s) with 500 milliseconds interval)
Build info: version: &apos;3.141.59&apos;, revision: &apos;e82be7d358&apos;, time: &apos;2018-11-14T08:17:03&apos;
System info: host: &apos;DESKTOP-D5BDHV5&apos;, ip: &apos;192.168.43.207&apos;, os.name: &apos;Windows 10&apos;, os.arch: &apos;amd64&apos;, os.version: &apos;10.0&apos;, java.version: &apos;14.0.1&apos;
Driver info: org.openqa.selenium.remote.RemoteWebDriver
Capabilities {acceptInsecureCerts: false, browserName: chrome, browserVersion: 83.0.4103.106, chrome: {chromedriverVersion: 83.0.4103.39 (ccbf011cb2d2b..., userDataDir: C:\Users\yuvan\AppData\Loca...}, goog:chromeOptions: {debuggerAddress: localhost:61349}, javascriptEnabled: true, networkConnectionEnabled: false, pageLoadStrategy: normal, platform: WINDOWS, platformName: WINDOWS, proxy: Proxy(), setWindowRect: true, strictFileInteractability: false, timeouts: {implicit: 0, pageLoad: 300000, script: 30000}, unhandledPromptBehavior: dismiss and notify, webauthn:virtualAuthenticators: true, webdriver.remote.sessionid: 17980f7348df41817ebca3968d8...}
Session ID: 17980f7348df41817ebca3968d879b51
	at org.openqa.selenium.support.ui.WebDriverWait.timeoutException(WebDriverWait.java:95)
	at org.openqa.selenium.support.ui.FluentWait.until(FluentWait.java:272)
	at Pages.HomePage.wait_For_Login(HomePage.java:102)
	at TestCases.InvalidTestCases.test_Invalid_Password_Details(InvalidTestCases.java:123)
	at java.base/java.util.ArrayList.forEach(ArrayList.java:1510)
... Removed 27 stack frames</pre></div><a href='#' onClick='toggleBox("stack-trace263265405", this, "Click to show all stack frames", "Click to hide stack frames")'>Click to show all stack frames</a>
<div class='stack-trace' id='stack-trace263265405'><pre>org.openqa.selenium.TimeoutException: Expected condition failed: waiting for text (&apos;yuvan&apos;) to be present in element [[RemoteWebDriver: chrome on WINDOWS (17980f7348df41817ebca3968d879b51)] -&gt; xpath: /html[1]/body[1]/div[1]/div[1]/div[1]/div[1]/div[1]/ul[1]/li[6]/div[1]/p[1]] (tried for 30 second(s) with 500 milliseconds interval)
Build info: version: &apos;3.141.59&apos;, revision: &apos;e82be7d358&apos;, time: &apos;2018-11-14T08:17:03&apos;
System info: host: &apos;DESKTOP-D5BDHV5&apos;, ip: &apos;192.168.43.207&apos;, os.name: &apos;Windows 10&apos;, os.arch: &apos;amd64&apos;, os.version: &apos;10.0&apos;, java.version: &apos;14.0.1&apos;
Driver info: org.openqa.selenium.remote.RemoteWebDriver
Capabilities {acceptInsecureCerts: false, browserName: chrome, browserVersion: 83.0.4103.106, chrome: {chromedriverVersion: 83.0.4103.39 (ccbf011cb2d2b..., userDataDir: C:\Users\yuvan\AppData\Loca...}, goog:chromeOptions: {debuggerAddress: localhost:61349}, javascriptEnabled: true, networkConnectionEnabled: false, pageLoadStrategy: normal, platform: WINDOWS, platformName: WINDOWS, proxy: Proxy(), setWindowRect: true, strictFileInteractability: false, timeouts: {implicit: 0, pageLoad: 300000, script: 30000}, unhandledPromptBehavior: dismiss and notify, webauthn:virtualAuthenticators: true, webdriver.remote.sessionid: 17980f7348df41817ebca3968d8...}
Session ID: 17980f7348df41817ebca3968d879b51
	at org.openqa.selenium.support.ui.WebDriverWait.timeoutException(WebDriverWait.java:95)
	at org.openqa.selenium.support.ui.FluentWait.until(FluentWait.java:272)
	at Pages.HomePage.wait_For_Login(HomePage.java:102)
	at TestCases.InvalidTestCases.test_Invalid_Password_Details(InvalidTestCases.java:123)
	at java.base/jdk.internal.reflect.NativeMethodAccessorImpl.invoke0(Native Method)
	at java.base/jdk.internal.reflect.NativeMethodAccessorImpl.invoke(NativeMethodAccessorImpl.java:62)
	at java.base/jdk.internal.reflect.DelegatingMethodAccessorImpl.invoke(DelegatingMethodAccessorImpl.java:43)
	at java.base/java.lang.reflect.Method.invoke(Method.java:564)
	at org.testng.internal.MethodInvocationHelper.invokeMethod(MethodInvocationHelper.java:134)
	at org.testng.internal.TestInvoker.invokeMethod(TestInvoker.java:597)
	at org.testng.internal.TestInvoker.invokeTestMethod(TestInvoker.java:173)
	at org.testng.internal.MethodRunner.runInSequence(MethodRunner.java:46)
	at org.testng.internal.TestInvoker$MethodInvocationAgent.invoke(TestInvoker.java:816)
	at org.testng.internal.TestInvoker.invokeTestMethods(TestInvoker.java:146)
	at org.testng.internal.TestMethodWorker.invokeTestMethods(TestMethodWorker.java:146)
	at org.testng.internal.TestMethodWorker.run(TestMethodWorker.java:128)
	at java.base/java.util.ArrayList.forEach(ArrayList.java:1510)
	at org.testng.TestRunner.privateRun(TestRunner.java:766)
	at org.testng.TestRunner.run(TestRunner.java:587)
	at org.testng.SuiteRunner.runTest(SuiteRunner.java:384)
	at org.testng.SuiteRunner.runSequentially(SuiteRunner.java:378)
	at org.testng.SuiteRunner.privateRun(SuiteRunner.java:337)
	at org.testng.SuiteRunner.run(SuiteRunner.java:286)
	at org.testng.SuiteRunnerWorker.runSuite(SuiteRunnerWorker.java:53)
	at org.testng.SuiteRunnerWorker.run(SuiteRunnerWorker.java:96)
	at org.testng.TestNG.runSuitesSequentially(TestNG.java:1187)
	at org.testng.TestNG.runSuitesLocally(TestNG.java:1109)
	at org.testng.TestNG.runSuites(TestNG.java:1039)
	at org.testng.TestNG.run(TestNG.java:1007)
	at org.testng.remote.AbstractRemoteTestNG.run(AbstractRemoteTestNG.java:115)
	at org.testng.remote.RemoteTestNG.initAndRun(RemoteTestNG.java:251)
	at org.testng.remote.RemoteTestNG.main(RemoteTestNG.java:77)
</pre></div></td>
<td>35</td>
<td>TestCases.InvalidTestCases@14924f41</td></tr>
<tr>
<td title='TestCases.ValidTestCases.test_LogIn_Details()'><b>test_LogIn_Details</b><br>Test class: TestCases.ValidTestCases</td>
<td><div><pre>java.lang.AssertionError: expected [true] but found [false]
	at TestCases.ValidTestCases.test_LogIn_Details(ValidTestCases.java:119)
	at java.base/java.util.ArrayList.forEach(ArrayList.java:1510)
... Removed 31 stack frames</pre></div><a href='#' onClick='toggleBox("stack-trace667286432", this, "Click to show all stack frames", "Click to hide stack frames")'>Click to show all stack frames</a>
<div class='stack-trace' id='stack-trace667286432'><pre>java.lang.AssertionError: expected [true] but found [false]
	at org.testng.Assert.fail(Assert.java:97)
	at org.testng.Assert.failNotEquals(Assert.java:969)
	at org.testng.Assert.assertTrue(Assert.java:43)
	at org.testng.Assert.assertTrue(Assert.java:53)
	at TestCases.ValidTestCases.test_LogIn_Details(ValidTestCases.java:119)
	at java.base/jdk.internal.reflect.NativeMethodAccessorImpl.invoke0(Native Method)
	at java.base/jdk.internal.reflect.NativeMethodAccessorImpl.invoke(NativeMethodAccessorImpl.java:62)
	at java.base/jdk.internal.reflect.DelegatingMethodAccessorImpl.invoke(DelegatingMethodAccessorImpl.java:43)
	at java.base/java.lang.reflect.Method.invoke(Method.java:564)
	at org.testng.internal.MethodInvocationHelper.invokeMethod(MethodInvocationHelper.java:134)
	at org.testng.internal.TestInvoker.invokeMethod(TestInvoker.java:597)
	at org.testng.internal.TestInvoker.invokeTestMethod(TestInvoker.java:173)
	at org.testng.internal.MethodRunner.runInSequence(MethodRunner.java:46)
	at org.testng.internal.TestInvoker$MethodInvocationAgent.invoke(TestInvoker.java:816)
	at org.testng.internal.TestInvoker.invokeTestMethods(TestInvoker.java:146)
	at org.testng.internal.TestMethodWorker.invokeTestMethods(TestMethodWorker.java:146)
	at org.testng.internal.TestMethodWorker.run(TestMethodWorker.java:128)
	at java.base/java.util.ArrayList.forEach(ArrayList.java:1510)
	at org.testng.TestRunner.privateRun(TestRunner.java:766)
	at org.testng.TestRunner.run(TestRunner.java:587)
	at org.testng.SuiteRunner.runTest(SuiteRunner.java:384)
	at org.testng.SuiteRunner.runSequentially(SuiteRunner.java:378)
	at org.testng.SuiteRunner.privateRun(SuiteRunner.java:337)
	at org.testng.SuiteRunner.run(SuiteRunner.java:286)
	at org.testng.SuiteRunnerWorker.runSuite(SuiteRunnerWorker.java:53)
	at org.testng.SuiteRunnerWorker.run(SuiteRunnerWorker.java:96)
	at org.testng.TestNG.runSuitesSequentially(TestNG.java:1187)
	at org.testng.TestNG.runSuitesLocally(TestNG.java:1109)
	at org.testng.TestNG.runSuites(TestNG.java:1039)
	at org.testng.TestNG.run(TestNG.java:1007)
	at org.testng.remote.AbstractRemoteTestNG.run(AbstractRemoteTestNG.java:115)
	at org.testng.remote.RemoteTestNG.initAndRun(RemoteTestNG.java:251)
	at org.testng.remote.RemoteTestNG.main(RemoteTestNG.java:77)
</pre></div></td>
<td>10</td>
<td>TestCases.ValidTestCases@2489e84a</td></tr>
</table><p>
<table width='100%' border='1' class='invocation-passed'>
<tr><td colspan='4' align='center'><b>PASSED TESTS</b></td></tr>
<tr><td><b>Test method</b></td>
<td width="30%"><b>Exception</b></td>
<td width="10%"><b>Time (seconds)</b></td>
<td><b>Instance</b></td>
</tr>
<tr>
<td title='TestCases.ValidTestCases.test_Cab_Icon()'><b>test_Cab_Icon</b><br>Test class: TestCases.ValidTestCases</td>
<td></td>
<td>0</td>
<td>TestCases.ValidTestCases@2489e84a</td></tr>
<tr>
<td title='TestCases.ValidTestCases.test_Cab_Page_Title()'><b>test_Cab_Page_Title</b><br>Test class: TestCases.ValidTestCases</td>
<td></td>
<td>1</td>
<td>TestCases.ValidTestCases@2489e84a</td></tr>
<tr>
<td title='TestCases.ValidTestCases.test_Flight_Button()'><b>test_Flight_Button</b><br>Test class: TestCases.ValidTestCases</td>
<td></td>
<td>0</td>
<td>TestCases.ValidTestCases@2489e84a</td></tr>
<tr>
<td title='TestCases.ValidTestCases.test_Flight_Icon()'><b>test_Flight_Icon</b><br>Test class: TestCases.ValidTestCases</td>
<td></td>
<td>0</td>
<td>TestCases.ValidTestCases@2489e84a</td></tr>
<tr>
<td title='TestCases.ValidTestCases.test_Flight_Page_Title()'><b>test_Flight_Page_Title</b><br>Test class: TestCases.ValidTestCases</td>
<td></td>
<td>0</td>
<td>TestCases.ValidTestCases@2489e84a</td></tr>
<tr>
<td title='TestCases.InvalidTestCases.test_GiftCard()'><b>test_GiftCard</b><br>Test class: TestCases.InvalidTestCases</td>
<td></td>
<td>15</td>
<td>TestCases.InvalidTestCases@14924f41</td></tr>
<tr>
<td title='TestCases.ValidTestCases.test_Home_Page_Title()'><b>test_Home_Page_Title</b><br>Test class: TestCases.ValidTestCases</td>
<td></td>
<td>0</td>
<td>TestCases.ValidTestCases@2489e84a</td></tr>
<tr>
<td title='TestCases.ValidTestCases.test_Hotel_Booking()'><b>test_Hotel_Booking</b><br>Test class: TestCases.ValidTestCases</td>
<td></td>
<td>2</td>
<td>TestCases.ValidTestCases@2489e84a</td></tr>
<tr>
<td title='TestCases.ValidTestCases.test_Hotel_Booking_Icon()'><b>test_Hotel_Booking_Icon</b><br>Test class: TestCases.ValidTestCases</td>
<td></td>
<td>3</td>
<td>TestCases.ValidTestCases@2489e84a</td></tr>
<tr>
<td title='TestCases.ValidTestCases.test_Hotel_Booking_Page_Title()'><b>test_Hotel_Booking_Page_Title</b><br>Test class: TestCases.ValidTestCases</td>
<td></td>
<td>0</td>
<td>TestCases.ValidTestCases@2489e84a</td></tr>
<tr>
<td title='TestCases.InvalidTestCases.test_Invalid_Date_Of_Journey()'><b>test_Invalid_Date_Of_Journey</b><br>Test class: TestCases.InvalidTestCases</td>
<td></td>
<td>1</td>
<td>TestCases.InvalidTestCases@14924f41</td></tr>
<tr>
<td title='TestCases.InvalidTestCases.test_Invalid_Username_Details()'><b>test_Invalid_Username_Details</b><br>Test class: TestCases.InvalidTestCases</td>
<td></td>
<td>4</td>
<td>TestCases.InvalidTestCases@14924f41</td></tr>
<tr>
<td title='TestCases.ValidTestCases.test_OutstationOneWay_TripType()'><b>test_OutstationOneWay_TripType</b><br>Test class: TestCases.ValidTestCases</td>
<td></td>
<td>0</td>
<td>TestCases.ValidTestCases@2489e84a</td></tr>
<tr>
<td title='TestCases.InvalidTestCases.test_OutstationTrip_Selected()'><b>test_OutstationTrip_Selected</b><br>Test class: TestCases.InvalidTestCases</td>
<td></td>
<td>1</td>
<td>TestCases.InvalidTestCases@14924f41</td></tr>
<tr>
<td title='TestCases.InvalidTestCases.test_ReturnDate_Disabled()'><b>test_ReturnDate_Disabled</b><br>Test class: TestCases.InvalidTestCases</td>
<td></td>
<td>0</td>
<td>TestCases.InvalidTestCases@14924f41</td></tr>
<tr>
<td title='TestCases.InvalidTestCases.test_Same_Location_Of_Journey()'><b>test_Same_Location_Of_Journey</b><br>Test class: TestCases.InvalidTestCases</td>
<td></td>
<td>3</td>
<td>TestCases.InvalidTestCases@14924f41</td></tr>
<tr>
<td title='TestCases.ValidTestCases.test_Set_Cab_Details()'><b>test_Set_Cab_Details</b><br>Test class: TestCases.ValidTestCases</td>
<td></td>
<td>9</td>
<td>TestCases.ValidTestCases@2489e84a</td></tr>
<tr>
<td title='TestCases.ValidTestCases.test_Set_Flight_Details()'><b>test_Set_Flight_Details</b><br>Test class: TestCases.ValidTestCases</td>
<td></td>
<td>8</td>
<td>TestCases.ValidTestCases@2489e84a</td></tr>
<tr>
<td title='TestCases.ValidTestCases.test_SignIn_Button()'><b>test_SignIn_Button</b><br>Test class: TestCases.ValidTestCases</td>
<td></td>
<td>1</td>
<td>TestCases.ValidTestCases@2489e84a</td></tr>
<tr>
<td title='TestCases.ValidTestCases.test_To_Check_Cab_Details()'><b>test_To_Check_Cab_Details</b><br>Test class: TestCases.ValidTestCases</td>
<td></td>
<td>4</td>
<td>TestCases.ValidTestCases@2489e84a</td></tr>
<tr>
<td title='TestCases.ValidTestCases.test_URL_Appear_Correct()'><b>test_URL_Appear_Correct</b><br>Test class: TestCases.ValidTestCases</td>
<td></td>
<td>8</td>
<td>TestCases.ValidTestCases@2489e84a</td></tr>
</table><p>
</body>
</html>