<?xml version="1.0" encoding="UTF-8"?>
<!-- Generated by org.testng.reporters.JUnitXMLReporter -->
<testsuite ignored="1" hostname="DESKTOP-RIVIQO4" failures="1" tests="23" name="Regression Test" time="279.066" errors="0" timestamp="2020-06-12T11:27:37 IST">
  <testcase classname="TestCases.ValidTestCases" name="test_URL_Appear_Correct" time="31.464"/>
  <testcase classname="TestCases.ValidTestCases" name="test_Home_Page_Title" time="0.185"/>
  <testcase classname="TestCases.ValidTestCases" name="test_SignIn_Button" time="6.554"/>
  <testcase classname="TestCases.ValidTestCases" name="test_LogIn_Details" time="16.718"/>
  <testcase classname="TestCases.ValidTestCases" name="test_Flight_Icon" time="0.101"/>
  <testcase classname="TestCases.ValidTestCases" name="test_Cab_Icon" time="0.936"/>
  <testcase classname="TestCases.ValidTestCases" name="test_Cab_Page_Title" time="0.076"/>
  <testcase classname="TestCases.ValidTestCases" name="test_OutstationOneWay_TripType" time="1.052"/>
  <testcase classname="TestCases.ValidTestCases" name="test_Set_Cab_Details" time="11.792"/>
  <testcase classname="TestCases.ValidTestCases" name="test_To_Check_Cab_Details" time="31.464">
    <failure type="org.openqa.selenium.TimeoutException" message="Expected condition failed: waiting for value to be &amp;quot;Delhi, India&amp;quot;. Current value: &amp;quot;&amp;quot; (tried for 30 second(s) with 500 milliseconds interval)
Build info: version: &amp;apos;3.141.59&amp;apos;, revision: &amp;apos;e82be7d358&amp;apos;, time: &amp;apos;2018-11-14T08:17:03&amp;apos;
System info: host: &amp;apos;DESKTOP-RIVIQO4&amp;apos;, ip: &amp;apos;192.168.1.141&amp;apos;, os.name: &amp;apos;Windows 10&amp;apos;, os.arch: &amp;apos;amd64&amp;apos;, os.version: &amp;apos;10.0&amp;apos;, java.version: &amp;apos;14&amp;apos;
Driver info: org.openqa.selenium.chrome.ChromeDriver
Capabilities {acceptInsecureCerts: false, browserName: chrome, browserVersion: 83.0.4103.97, chrome: {chromedriverVersion: 83.0.4103.39 (ccbf011cb2d2b..., userDataDir: C:\Users\SRIRAM~1\AppData\L...}, goog:chromeOptions: {debuggerAddress: localhost:50743}, javascriptEnabled: true, networkConnectionEnabled: false, pageLoadStrategy: normal, platform: WINDOWS, platformName: WINDOWS, proxy: Proxy(), setWindowRect: true, strictFileInteractability: false, timeouts: {implicit: 0, pageLoad: 300000, script: 30000}, unhandledPromptBehavior: dismiss and notify, webauthn:virtualAuthenticators: true}
Session ID: b370d3cb2cd847b889317bef95f4cebe">
      <![CDATA[org.openqa.selenium.TimeoutException: Expected condition failed: waiting for value to be "Delhi, India". Current value: "" (tried for 30 second(s) with 500 milliseconds interval)
Build info: version: '3.141.59', revision: 'e82be7d358', time: '2018-11-14T08:17:03'
System info: host: 'DESKTOP-RIVIQO4', ip: '192.168.1.141', os.name: 'Windows 10', os.arch: 'amd64', os.version: '10.0', java.version: '14'
Driver info: org.openqa.selenium.chrome.ChromeDriver
Capabilities {acceptInsecureCerts: false, browserName: chrome, browserVersion: 83.0.4103.97, chrome: {chromedriverVersion: 83.0.4103.39 (ccbf011cb2d2b..., userDataDir: C:\Users\SRIRAM~1\AppData\L...}, goog:chromeOptions: {debuggerAddress: localhost:50743}, javascriptEnabled: true, networkConnectionEnabled: false, pageLoadStrategy: normal, platform: WINDOWS, platformName: WINDOWS, proxy: Proxy(), setWindowRect: true, strictFileInteractability: false, timeouts: {implicit: 0, pageLoad: 300000, script: 30000}, unhandledPromptBehavior: dismiss and notify, webauthn:virtualAuthenticators: true}
Session ID: b370d3cb2cd847b889317bef95f4cebe
at org.openqa.selenium.support.ui.WebDriverWait.timeoutException(WebDriverWait.java:95)
at org.openqa.selenium.support.ui.FluentWait.until(FluentWait.java:272)
at Pages.CabSearch.check_From_City(CabSearch.java:189)
at TestCases.ValidTestCases.test_To_Check_Cab_Details(ValidTestCases.java:185)
at java.base/java.util.ArrayList.forEach(ArrayList.java:1510)
... Removed 27 stack frames]]>
    </failure>
  </testcase> <!-- test_To_Check_Cab_Details -->
  <testcase classname="TestCases.ValidTestCases" name="test_Flight_Button" time="2.625"/>
  <testcase classname="TestCases.ValidTestCases" name="test_Flight_Page_Title" time="0.333"/>
  <testcase classname="TestCases.ValidTestCases" name="test_Set_Flight_Details" time="9.939"/>
  <testcase classname="TestCases.ValidTestCases" name="test_Hotel_Booking_Icon" time="4.205"/>
  <testcase classname="TestCases.ValidTestCases" name="test_Hotel_Booking_Page_Title" time="0.263"/>
  <testcase classname="TestCases.ValidTestCases" name="test_Hotel_Booking" time="0.541"/>
  <testcase classname="TestCases.InvalidTestCases" name="test_Invalid_Username_Details" time="6.903"/>
  <testcase classname="TestCases.InvalidTestCases" name="test_Invalid_Password_Details" time="8.875"/>
  <testcase classname="TestCases.InvalidTestCases" name="test_Same_Location_Of_Journey" time="6.276"/>
  <testcase classname="TestCases.InvalidTestCases" name="test_Invalid_Date_Of_Journey" time="0.938"/>
  <testcase classname="TestCases.InvalidTestCases" name="test_ReturnDate_Disabled" time="0.062"/>
  <testcase classname="TestCases.InvalidTestCases" name="test_OutstationTrip_Selected" time="1.202"/>
  <testcase classname="TestCases.InvalidTestCases" name="test_GiftCard" time="17.968"/>
  <testcase classname="Setup.BaseClass" name="@BeforeSuite generate_ExtentReport" time="0.0">
    <ignored/>
  </testcase> <!-- @BeforeSuite generate_ExtentReport -->
</testsuite> <!-- Regression Test -->
