<?xml version="1.0" encoding="UTF-8"?>
<!-- Generated by org.testng.reporters.JUnitXMLReporter -->
<testsuite ignored="0" hostname="DESKTOP-D5BDHV5" failures="1" tests="7" name="Regression Test 2" time="100.368" errors="0" timestamp="2020-06-23T20:22:40 IST">
  <testcase classname="TestCases.InvalidTestCases" name="test_Invalid_Username_Details" time="4.091"/>
  <testcase classname="TestCases.InvalidTestCases" name="test_Invalid_Password_Details" time="35.5">
    <failure type="org.openqa.selenium.TimeoutException" message="Expected condition failed: waiting for text (&amp;apos;yuvan&amp;apos;) to be present in element [[RemoteWebDriver: chrome on WINDOWS (17980f7348df41817ebca3968d879b51)] -&amp;gt; xpath: /html[1]/body[1]/div[1]/div[1]/div[1]/div[1]/div[1]/ul[1]/li[6]/div[1]/p[1]] (tried for 30 second(s) with 500 milliseconds interval)
Build info: version: &amp;apos;3.141.59&amp;apos;, revision: &amp;apos;e82be7d358&amp;apos;, time: &amp;apos;2018-11-14T08:17:03&amp;apos;
System info: host: &amp;apos;DESKTOP-D5BDHV5&amp;apos;, ip: &amp;apos;192.168.43.207&amp;apos;, os.name: &amp;apos;Windows 10&amp;apos;, os.arch: &amp;apos;amd64&amp;apos;, os.version: &amp;apos;10.0&amp;apos;, java.version: &amp;apos;14.0.1&amp;apos;
Driver info: org.openqa.selenium.remote.RemoteWebDriver
Capabilities {acceptInsecureCerts: false, browserName: chrome, browserVersion: 83.0.4103.106, chrome: {chromedriverVersion: 83.0.4103.39 (ccbf011cb2d2b..., userDataDir: C:\Users\yuvan\AppData\Loca...}, goog:chromeOptions: {debuggerAddress: localhost:61349}, javascriptEnabled: true, networkConnectionEnabled: false, pageLoadStrategy: normal, platform: WINDOWS, platformName: WINDOWS, proxy: Proxy(), setWindowRect: true, strictFileInteractability: false, timeouts: {implicit: 0, pageLoad: 300000, script: 30000}, unhandledPromptBehavior: dismiss and notify, webauthn:virtualAuthenticators: true, webdriver.remote.sessionid: 17980f7348df41817ebca3968d8...}
Session ID: 17980f7348df41817ebca3968d879b51">
      <![CDATA[org.openqa.selenium.TimeoutException: Expected condition failed: waiting for text ('yuvan') to be present in element [[RemoteWebDriver: chrome on WINDOWS (17980f7348df41817ebca3968d879b51)] -> xpath: /html[1]/body[1]/div[1]/div[1]/div[1]/div[1]/div[1]/ul[1]/li[6]/div[1]/p[1]] (tried for 30 second(s) with 500 milliseconds interval)
Build info: version: '3.141.59', revision: 'e82be7d358', time: '2018-11-14T08:17:03'
System info: host: 'DESKTOP-D5BDHV5', ip: '192.168.43.207', os.name: 'Windows 10', os.arch: 'amd64', os.version: '10.0', java.version: '14.0.1'
Driver info: org.openqa.selenium.remote.RemoteWebDriver
Capabilities {acceptInsecureCerts: false, browserName: chrome, browserVersion: 83.0.4103.106, chrome: {chromedriverVersion: 83.0.4103.39 (ccbf011cb2d2b..., userDataDir: C:\Users\yuvan\AppData\Loca...}, goog:chromeOptions: {debuggerAddress: localhost:61349}, javascriptEnabled: true, networkConnectionEnabled: false, pageLoadStrategy: normal, platform: WINDOWS, platformName: WINDOWS, proxy: Proxy(), setWindowRect: true, strictFileInteractability: false, timeouts: {implicit: 0, pageLoad: 300000, script: 30000}, unhandledPromptBehavior: dismiss and notify, webauthn:virtualAuthenticators: true, webdriver.remote.sessionid: 17980f7348df41817ebca3968d8...}
Session ID: 17980f7348df41817ebca3968d879b51
at org.openqa.selenium.support.ui.WebDriverWait.timeoutException(WebDriverWait.java:95)
at org.openqa.selenium.support.ui.FluentWait.until(FluentWait.java:272)
at Pages.HomePage.wait_For_Login(HomePage.java:102)
at TestCases.InvalidTestCases.test_Invalid_Password_Details(InvalidTestCases.java:123)
at java.base/java.util.ArrayList.forEach(ArrayList.java:1510)
... Removed 27 stack frames]]>
    </failure>
  </testcase> <!-- test_Invalid_Password_Details -->
  <testcase classname="TestCases.InvalidTestCases" name="test_Same_Location_Of_Journey" time="3.917"/>
  <testcase classname="TestCases.InvalidTestCases" name="test_Invalid_Date_Of_Journey" time="1.157"/>
  <testcase classname="TestCases.InvalidTestCases" name="test_ReturnDate_Disabled" time="0.053"/>
  <testcase classname="TestCases.InvalidTestCases" name="test_OutstationTrip_Selected" time="1.317"/>
  <testcase classname="TestCases.InvalidTestCases" name="test_GiftCard" time="15.504"/>
</testsuite> <!-- Regression Test 2 -->
