<?xml version="1.0" encoding="UTF-8"?>
<!-- Generated by org.testng.reporters.JUnitXMLReporter -->
<testsuite ignored="0" hostname="DESKTOP-D5BDHV5" failures="1" tests="16" name="Regression Test 1" time="118.008" errors="0" timestamp="2020-06-23T20:20:59 IST">
  <testcase classname="TestCases.ValidTestCases" name="test_URL_Appear_Correct" time="8.881"/>
  <testcase classname="TestCases.ValidTestCases" name="test_Home_Page_Title" time="0.161"/>
  <testcase classname="TestCases.ValidTestCases" name="test_SignIn_Button" time="1.308"/>
  <testcase classname="TestCases.ValidTestCases" name="test_LogIn_Details" time="10.904">
    <failure type="java.lang.AssertionError" message="expected [true] but found [false]">
      <![CDATA[java.lang.AssertionError: expected [true] but found [false]
at TestCases.ValidTestCases.test_LogIn_Details(ValidTestCases.java:119)
at java.base/java.util.ArrayList.forEach(ArrayList.java:1510)
... Removed 31 stack frames]]>
    </failure>
  </testcase> <!-- test_LogIn_Details -->
  <testcase classname="TestCases.ValidTestCases" name="test_Flight_Icon" time="0.181"/>
  <testcase classname="TestCases.ValidTestCases" name="test_Cab_Icon" time="0.69"/>
  <testcase classname="TestCases.ValidTestCases" name="test_Cab_Page_Title" time="1.781"/>
  <testcase classname="TestCases.ValidTestCases" name="test_OutstationOneWay_TripType" time="0.188"/>
  <testcase classname="TestCases.ValidTestCases" name="test_Set_Cab_Details" time="9.857"/>
  <testcase classname="TestCases.ValidTestCases" name="test_To_Check_Cab_Details" time="4.092"/>
  <testcase classname="TestCases.ValidTestCases" name="test_Flight_Button" time="0.299"/>
  <testcase classname="TestCases.ValidTestCases" name="test_Flight_Page_Title" time="0.603"/>
  <testcase classname="TestCases.ValidTestCases" name="test_Set_Flight_Details" time="8.845"/>
  <testcase classname="TestCases.ValidTestCases" name="test_Hotel_Booking_Icon" time="3.274"/>
  <testcase classname="TestCases.ValidTestCases" name="test_Hotel_Booking_Page_Title" time="0.152"/>
  <testcase classname="TestCases.ValidTestCases" name="test_Hotel_Booking" time="2.659"/>
</testsuite> <!-- Regression Test 1 -->
