<!DOCTYPE html>

<html>
  <head>
  <meta charset='utf-8'>
  <title>TestNG reports</title>

    <link type="text/css" href="testng-reports.css" rel="stylesheet" />
    <script type="text/javascript" src="jquery-3.4.1.min.js"></script>
    <script type="text/javascript" src="testng-reports.js"></script>
    <script type="text/javascript" src="https://www.google.com/jsapi"></script>
    <script type='text/javascript'>
      google.load('visualization', '1', {packages:['table']});
      google.setOnLoadCallback(drawTable);
      var suiteTableInitFunctions = new Array();
      var suiteTableData = new Array();
    </script>
    <!--
      <script type="text/javascript" src="jquery-ui/js/jquery-ui-1.8.16.custom.min.js"></script>
     -->
  </head>

  <body>
    <div class="top-banner-root">
      <span class="top-banner-title-font">Test results</span>
      <br/>
      <span class="top-banner-font-1">1 suite, 10 failed tests</span>
    </div> <!-- top-banner-root -->
    <div class="navigator-root">
      <div class="navigator-suite-header">
        <span>All suites</span>
        <a href="#" title="Collapse/expand all the suites" class="collapse-all-link">
          <img src="collapseall.gif" class="collapse-all-icon">
          </img> <!-- collapse-all-icon -->
        </a> <!-- collapse-all-link -->
      </div> <!-- navigator-suite-header -->
      <div class="suite">
        <div class="rounded-window">
          <div class="suite-header light-rounded-window-top">
            <a href="#" panel-name="suite-Regression_Testing" class="navigator-link">
              <span class="suite-name border-failed">Regression Testing</span>
            </a> <!-- navigator-link -->
          </div> <!-- suite-header light-rounded-window-top -->
          <div class="navigator-suite-content">
            <div class="suite-section-title">
              <span>Info</span>
            </div> <!-- suite-section-title -->
            <div class="suite-section-content">
              <ul>
                <li>
                  <a href="#" panel-name="test-xml-Regression_Testing" class="navigator-link ">
                    <span>C:\Users\yuvan\eclipse-workspace\MakeMyTrip\Suite Files\Regression.xml</span>
                  </a> <!-- navigator-link  -->
                </li>
                <li>
                  <a href="#" panel-name="testlist-Regression_Testing" class="navigator-link ">
                    <span class="test-stats">1 test</span>
                  </a> <!-- navigator-link  -->
                </li>
                <li>
                  <a href="#" panel-name="group-Regression_Testing" class="navigator-link ">
                    <span>0 groups</span>
                  </a> <!-- navigator-link  -->
                </li>
                <li>
                  <a href="#" panel-name="times-Regression_Testing" class="navigator-link ">
                    <span>Times</span>
                  </a> <!-- navigator-link  -->
                </li>
                <li>
                  <a href="#" panel-name="reporter-Regression_Testing" class="navigator-link ">
                    <span>Reporter output</span>
                  </a> <!-- navigator-link  -->
                </li>
                <li>
                  <a href="#" panel-name="ignored-methods-Regression_Testing" class="navigator-link ">
                    <span>Ignored methods</span>
                  </a> <!-- navigator-link  -->
                </li>
                <li>
                  <a href="#" panel-name="chronological-Regression_Testing" class="navigator-link ">
                    <span>Chronological view</span>
                  </a> <!-- navigator-link  -->
                </li>
              </ul>
            </div> <!-- suite-section-content -->
            <div class="result-section">
              <div class="suite-section-title">
                <span>Results</span>
              </div> <!-- suite-section-title -->
              <div class="suite-section-content">
                <ul>
                  <li>
                    <span class="method-stats">19 methods, 10 failed,   9 passed</span>
                  </li>
                  <li>
                    <span class="method-list-title failed">Failed methods</span>
                    <span class="show-or-hide-methods failed">
                      <a href="#" panel-name="suite-Regression_Testing" class="hide-methods failed suite-Regression_Testing"> (hide)</a> <!-- hide-methods failed suite-Regression_Testing -->
                      <a href="#" panel-name="suite-Regression_Testing" class="show-methods failed suite-Regression_Testing"> (show)</a> <!-- show-methods failed suite-Regression_Testing -->
                    </span>
                    <div class="method-list-content failed suite-Regression_Testing">
                      <span>
                        <img src="failed.png" width="3%"/>
                        <a href="#" panel-name="suite-Regression_Testing" title="TestCases.ValidTestCases" class="method navigator-link" hash-for-method="test_Flight_Button">test_Flight_Button</a> <!-- method navigator-link -->
                      </span>
                      <br/>
                      <span>
                        <img src="failed.png" width="3%"/>
                        <a href="#" panel-name="suite-Regression_Testing" title="TestCases.ValidTestCases" class="method navigator-link" hash-for-method="test_Flight_Icon">test_Flight_Icon</a> <!-- method navigator-link -->
                      </span>
                      <br/>
                      <span>
                        <img src="failed.png" width="3%"/>
                        <a href="#" panel-name="suite-Regression_Testing" title="TestCases.ValidTestCases" class="method navigator-link" hash-for-method="test_Flight_Page_Title">test_Flight_Page_Title</a> <!-- method navigator-link -->
                      </span>
                      <br/>
                      <span>
                        <img src="failed.png" width="3%"/>
                        <a href="#" panel-name="suite-Regression_Testing" title="TestCases.ValidTestCases" class="method navigator-link" hash-for-method="test_Home_Page_Title">test_Home_Page_Title</a> <!-- method navigator-link -->
                      </span>
                      <br/>
                      <span>
                        <img src="failed.png" width="3%"/>
                        <a href="#" panel-name="suite-Regression_Testing" title="TestCases.ValidTestCases" class="method navigator-link" hash-for-method="test_Hotel_Booking">test_Hotel_Booking</a> <!-- method navigator-link -->
                      </span>
                      <br/>
                      <span>
                        <img src="failed.png" width="3%"/>
                        <a href="#" panel-name="suite-Regression_Testing" title="TestCases.ValidTestCases" class="method navigator-link" hash-for-method="test_Hotel_Booking_Icon">test_Hotel_Booking_Icon</a> <!-- method navigator-link -->
                      </span>
                      <br/>
                      <span>
                        <img src="failed.png" width="3%"/>
                        <a href="#" panel-name="suite-Regression_Testing" title="TestCases.ValidTestCases" class="method navigator-link" hash-for-method="test_Hotel_Booking_Page_Title">test_Hotel_Booking_Page_Title</a> <!-- method navigator-link -->
                      </span>
                      <br/>
                      <span>
                        <img src="failed.png" width="3%"/>
                        <a href="#" panel-name="suite-Regression_Testing" title="TestCases.ValidTestCases" class="method navigator-link" hash-for-method="test_Set_Cab_Details">test_Set_Cab_Details</a> <!-- method navigator-link -->
                      </span>
                      <br/>
                      <span>
                        <img src="failed.png" width="3%"/>
                        <a href="#" panel-name="suite-Regression_Testing" title="TestCases.ValidTestCases" class="method navigator-link" hash-for-method="test_Set_Flight_Details">test_Set_Flight_Details</a> <!-- method navigator-link -->
                      </span>
                      <br/>
                      <span>
                        <img src="failed.png" width="3%"/>
                        <a href="#" panel-name="suite-Regression_Testing" title="TestCases.ValidTestCases" class="method navigator-link" hash-for-method="test_To_Check_Cab_Details">test_To_Check_Cab_Details</a> <!-- method navigator-link -->
                      </span>
                      <br/>
                    </div> <!-- method-list-content failed suite-Regression_Testing -->
                  </li>
                  <li>
                    <span class="method-list-title passed">Passed methods</span>
                    <span class="show-or-hide-methods passed">
                      <a href="#" panel-name="suite-Regression_Testing" class="hide-methods passed suite-Regression_Testing"> (hide)</a> <!-- hide-methods passed suite-Regression_Testing -->
                      <a href="#" panel-name="suite-Regression_Testing" class="show-methods passed suite-Regression_Testing"> (show)</a> <!-- show-methods passed suite-Regression_Testing -->
                    </span>
                    <div class="method-list-content passed suite-Regression_Testing">
                      <span>
                        <img src="passed.png" width="3%"/>
                        <a href="#" panel-name="suite-Regression_Testing" title="TestCases.ValidTestCases" class="method navigator-link" hash-for-method="test_Cab_Icon">test_Cab_Icon</a> <!-- method navigator-link -->
                      </span>
                      <br/>
                      <span>
                        <img src="passed.png" width="3%"/>
                        <a href="#" panel-name="suite-Regression_Testing" title="TestCases.ValidTestCases" class="method navigator-link" hash-for-method="test_Cab_Page_Title">test_Cab_Page_Title</a> <!-- method navigator-link -->
                      </span>
                      <br/>
                      <span>
                        <img src="passed.png" width="3%"/>
                        <a href="#" panel-name="suite-Regression_Testing" title="TestCases.InvalidTestCases" class="method navigator-link" hash-for-method="test_GiftCard">test_GiftCard</a> <!-- method navigator-link -->
                      </span>
                      <br/>
                      <span>
                        <img src="passed.png" width="3%"/>
                        <a href="#" panel-name="suite-Regression_Testing" title="TestCases.InvalidTestCases" class="method navigator-link" hash-for-method="test_Invalid_Date_Of_Journey">test_Invalid_Date_Of_Journey</a> <!-- method navigator-link -->
                      </span>
                      <br/>
                      <span>
                        <img src="passed.png" width="3%"/>
                        <a href="#" panel-name="suite-Regression_Testing" title="TestCases.ValidTestCases" class="method navigator-link" hash-for-method="test_OutstationOneWay_TripType">test_OutstationOneWay_TripType</a> <!-- method navigator-link -->
                      </span>
                      <br/>
                      <span>
                        <img src="passed.png" width="3%"/>
                        <a href="#" panel-name="suite-Regression_Testing" title="TestCases.InvalidTestCases" class="method navigator-link" hash-for-method="test_OutstationTrip_Selected">test_OutstationTrip_Selected</a> <!-- method navigator-link -->
                      </span>
                      <br/>
                      <span>
                        <img src="passed.png" width="3%"/>
                        <a href="#" panel-name="suite-Regression_Testing" title="TestCases.InvalidTestCases" class="method navigator-link" hash-for-method="test_ReturnDate_Disabled">test_ReturnDate_Disabled</a> <!-- method navigator-link -->
                      </span>
                      <br/>
                      <span>
                        <img src="passed.png" width="3%"/>
                        <a href="#" panel-name="suite-Regression_Testing" title="TestCases.InvalidTestCases" class="method navigator-link" hash-for-method="test_Same_Location_Of_Journey">test_Same_Location_Of_Journey</a> <!-- method navigator-link -->
                      </span>
                      <br/>
                      <span>
                        <img src="passed.png" width="3%"/>
                        <a href="#" panel-name="suite-Regression_Testing" title="TestCases.ValidTestCases" class="method navigator-link" hash-for-method="test_URL_Appear_Correct">test_URL_Appear_Correct</a> <!-- method navigator-link -->
                      </span>
                      <br/>
                    </div> <!-- method-list-content passed suite-Regression_Testing -->
                  </li>
                </ul>
              </div> <!-- suite-section-content -->
            </div> <!-- result-section -->
          </div> <!-- navigator-suite-content -->
        </div> <!-- rounded-window -->
      </div> <!-- suite -->
    </div> <!-- navigator-root -->
    <div class="wrapper">
      <div class="main-panel-root">
        <div panel-name="suite-Regression_Testing" class="panel Regression_Testing">
          <div class="suite-Regression_Testing-class-failed">
            <div class="main-panel-header rounded-window-top">
              <img src="failed.png"/>
              <span class="class-name">TestCases.ValidTestCases</span>
            </div> <!-- main-panel-header rounded-window-top -->
            <div class="main-panel-content rounded-window-bottom">
              <div class="method">
                <div class="method-content">
                  <a name="test_Flight_Button">
                  </a> <!-- test_Flight_Button -->
                  <span class="method-name">test_Flight_Button</span>
                  <div class="stack-trace">org.openqa.selenium.NoSuchElementException: no such element: Unable to locate element: {&quot;method&quot;:&quot;xpath&quot;,&quot;selector&quot;:&quot;//*[@id=&quot;root&quot;]/div/div[1]/div/div/div/nav/ul/li[1]/a/span[1]&quot;}
  (Session info: chrome=83.0.4103.97)
For documentation on this error, please visit: https://www.seleniumhq.org/exceptions/no_such_element.html
Build info: version: &apos;3.141.59&apos;, revision: &apos;e82be7d358&apos;, time: &apos;2018-11-14T08:17:03&apos;
System info: host: &apos;DESKTOP-D5BDHV5&apos;, ip: &apos;192.168.43.207&apos;, os.name: &apos;Windows 10&apos;, os.arch: &apos;amd64&apos;, os.version: &apos;10.0&apos;, java.version: &apos;14.0.1&apos;
Driver info: org.openqa.selenium.remote.RemoteWebDriver
Capabilities {acceptInsecureCerts: false, browserName: chrome, browserVersion: 83.0.4103.97, chrome: {chromedriverVersion: 83.0.4103.39 (ccbf011cb2d2b..., userDataDir: C:\Users\yuvan\AppData\Loca...}, goog:chromeOptions: {debuggerAddress: localhost:53140}, javascriptEnabled: true, networkConnectionEnabled: false, pageLoadStrategy: normal, platform: WINDOWS, platformName: WINDOWS, proxy: Proxy(), setWindowRect: true, strictFileInteractability: false, timeouts: {implicit: 0, pageLoad: 300000, script: 30000}, unhandledPromptBehavior: dismiss and notify, webauthn:virtualAuthenticators: true, webdriver.remote.sessionid: 5efe7dd3c09614d5602aefca4a5...}
Session ID: 5efe7dd3c09614d5602aefca4a5ce445
*** Element info: {Using=xpath, value=//*[@id=&quot;root&quot;]/div/div[1]/div/div/div/nav/ul/li[1]/a/span[1]}
	at org.openqa.selenium.remote.http.W3CHttpResponseCodec.createException(W3CHttpResponseCodec.java:187)
	at org.openqa.selenium.remote.http.W3CHttpResponseCodec.decode(W3CHttpResponseCodec.java:122)
	at org.openqa.selenium.remote.http.W3CHttpResponseCodec.decode(W3CHttpResponseCodec.java:49)
	at org.openqa.selenium.remote.HttpCommandExecutor.execute(HttpCommandExecutor.java:158)
	at org.openqa.selenium.remote.RemoteWebDriver.execute(RemoteWebDriver.java:552)
	at org.openqa.selenium.remote.RemoteWebDriver.findElement(RemoteWebDriver.java:323)
	at org.openqa.selenium.remote.RemoteWebDriver.findElementByXPath(RemoteWebDriver.java:428)
	at org.openqa.selenium.By$ByXPath.findElement(By.java:353)
	at org.openqa.selenium.remote.RemoteWebDriver.findElement(RemoteWebDriver.java:315)
	at org.openqa.selenium.support.pagefactory.DefaultElementLocator.findElement(DefaultElementLocator.java:69)
	at org.openqa.selenium.support.pagefactory.internal.LocatingElementHandler.invoke(LocatingElementHandler.java:38)
	at com.sun.proxy.$Proxy15.isEnabled(Unknown Source)
	at Pages.HomePage.click_Flight_Icon(HomePage.java:75)
	at TestCases.ValidTestCases.test_Flight_Button(ValidTestCases.java:232)
	at java.base/java.util.concurrent.ThreadPoolExecutor.runWorker(ThreadPoolExecutor.java:1130)
	at java.base/java.util.concurrent.ThreadPoolExecutor$Worker.run(ThreadPoolExecutor.java:630)
	at java.base/java.lang.Thread.run(Thread.java:832)
... Removed 17 stack frames
</div> <!-- stack-trace -->
                </div> <!-- method-content -->
              </div> <!-- method -->
              <div class="method">
                <div class="method-content">
                  <a name="test_Flight_Icon">
                  </a> <!-- test_Flight_Icon -->
                  <span class="method-name">test_Flight_Icon</span>
                  <div class="stack-trace">java.lang.AssertionError: expected [true] but found [false]
	at TestCases.ValidTestCases.test_Flight_Icon(ValidTestCases.java:131)
	at java.base/java.util.concurrent.ThreadPoolExecutor.runWorker(ThreadPoolExecutor.java:1130)
	at java.base/java.util.concurrent.ThreadPoolExecutor$Worker.run(ThreadPoolExecutor.java:630)
	at java.base/java.lang.Thread.run(Thread.java:832)
... Removed 16 stack frames
</div> <!-- stack-trace -->
                </div> <!-- method-content -->
              </div> <!-- method -->
              <div class="method">
                <div class="method-content">
                  <a name="test_Flight_Page_Title">
                  </a> <!-- test_Flight_Page_Title -->
                  <span class="method-name">test_Flight_Page_Title</span>
                  <div class="stack-trace">java.lang.AssertionError: expected [true] but found [false]
	at TestCases.ValidTestCases.test_Flight_Page_Title(ValidTestCases.java:243)
	at java.base/java.util.concurrent.ThreadPoolExecutor.runWorker(ThreadPoolExecutor.java:1130)
	at java.base/java.util.concurrent.ThreadPoolExecutor$Worker.run(ThreadPoolExecutor.java:630)
	at java.base/java.lang.Thread.run(Thread.java:832)
... Removed 16 stack frames
</div> <!-- stack-trace -->
                </div> <!-- method-content -->
              </div> <!-- method -->
              <div class="method">
                <div class="method-content">
                  <a name="test_Home_Page_Title">
                  </a> <!-- test_Home_Page_Title -->
                  <span class="method-name">test_Home_Page_Title</span>
                  <div class="stack-trace">java.lang.AssertionError: expected [true] but found [false]
	at TestCases.ValidTestCases.test_Home_Page_Title(ValidTestCases.java:90)
	at java.base/java.util.concurrent.ThreadPoolExecutor.runWorker(ThreadPoolExecutor.java:1130)
	at java.base/java.util.concurrent.ThreadPoolExecutor$Worker.run(ThreadPoolExecutor.java:630)
	at java.base/java.lang.Thread.run(Thread.java:832)
... Removed 16 stack frames
</div> <!-- stack-trace -->
                </div> <!-- method-content -->
              </div> <!-- method -->
              <div class="method">
                <div class="method-content">
                  <a name="test_Hotel_Booking">
                  </a> <!-- test_Hotel_Booking -->
                  <span class="method-name">test_Hotel_Booking</span>
                  <div class="stack-trace">org.openqa.selenium.NoSuchElementException: no such element: Unable to locate element: {&quot;method&quot;:&quot;xpath&quot;,&quot;selector&quot;:&quot;//*[@id=&quot;root&quot;]/div/div[2]/div/div/div[2]/div/div/div[4]/label/p&quot;}
  (Session info: chrome=83.0.4103.97)
For documentation on this error, please visit: https://www.seleniumhq.org/exceptions/no_such_element.html
Build info: version: &apos;3.141.59&apos;, revision: &apos;e82be7d358&apos;, time: &apos;2018-11-14T08:17:03&apos;
System info: host: &apos;DESKTOP-D5BDHV5&apos;, ip: &apos;192.168.43.207&apos;, os.name: &apos;Windows 10&apos;, os.arch: &apos;amd64&apos;, os.version: &apos;10.0&apos;, java.version: &apos;14.0.1&apos;
Driver info: org.openqa.selenium.remote.RemoteWebDriver
Capabilities {acceptInsecureCerts: false, browserName: chrome, browserVersion: 83.0.4103.97, chrome: {chromedriverVersion: 83.0.4103.39 (ccbf011cb2d2b..., userDataDir: C:\Users\yuvan\AppData\Loca...}, goog:chromeOptions: {debuggerAddress: localhost:53140}, javascriptEnabled: true, networkConnectionEnabled: false, pageLoadStrategy: normal, platform: WINDOWS, platformName: WINDOWS, proxy: Proxy(), setWindowRect: true, strictFileInteractability: false, timeouts: {implicit: 0, pageLoad: 300000, script: 30000}, unhandledPromptBehavior: dismiss and notify, webauthn:virtualAuthenticators: true, webdriver.remote.sessionid: 5efe7dd3c09614d5602aefca4a5...}
Session ID: 5efe7dd3c09614d5602aefca4a5ce445
*** Element info: {Using=xpath, value=//*[@id=&quot;root&quot;]/div/div[2]/div/div/div[2]/div/div/div[4]/label/p}
	at org.openqa.selenium.remote.http.W3CHttpResponseCodec.createException(W3CHttpResponseCodec.java:187)
	at org.openqa.selenium.remote.http.W3CHttpResponseCodec.decode(W3CHttpResponseCodec.java:122)
	at org.openqa.selenium.remote.http.W3CHttpResponseCodec.decode(W3CHttpResponseCodec.java:49)
	at org.openqa.selenium.remote.HttpCommandExecutor.execute(HttpCommandExecutor.java:158)
	at org.openqa.selenium.remote.RemoteWebDriver.execute(RemoteWebDriver.java:552)
	at org.openqa.selenium.remote.RemoteWebDriver.findElement(RemoteWebDriver.java:323)
	at org.openqa.selenium.remote.RemoteWebDriver.findElementByXPath(RemoteWebDriver.java:428)
	at org.openqa.selenium.By$ByXPath.findElement(By.java:353)
	at org.openqa.selenium.remote.RemoteWebDriver.findElement(RemoteWebDriver.java:315)
	at org.openqa.selenium.support.pagefactory.DefaultElementLocator.findElement(DefaultElementLocator.java:69)
	at org.openqa.selenium.support.pagefactory.internal.LocatingElementHandler.invoke(LocatingElementHandler.java:38)
	at com.sun.proxy.$Proxy15.click(Unknown Source)
	at Pages.HotelBooking.click_Rooms_And_Guests(HotelBooking.java:39)
	at Pages.HotelBooking.set_Hotel_Details(HotelBooking.java:33)
	at TestCases.ValidTestCases.test_Hotel_Booking(ValidTestCases.java:296)
	at java.base/java.util.concurrent.ThreadPoolExecutor.runWorker(ThreadPoolExecutor.java:1130)
	at java.base/java.util.concurrent.ThreadPoolExecutor$Worker.run(ThreadPoolExecutor.java:630)
	at java.base/java.lang.Thread.run(Thread.java:832)
... Removed 17 stack frames
</div> <!-- stack-trace -->
                </div> <!-- method-content -->
              </div> <!-- method -->
              <div class="method">
                <div class="method-content">
                  <a name="test_Hotel_Booking_Icon">
                  </a> <!-- test_Hotel_Booking_Icon -->
                  <span class="method-name">test_Hotel_Booking_Icon</span>
                  <div class="stack-trace">org.openqa.selenium.NoSuchElementException: no such element: Unable to locate element: {&quot;method&quot;:&quot;xpath&quot;,&quot;selector&quot;:&quot;//li[contains(@class,&apos;menu_Hotels&apos;)]//a[contains(@class,&apos;makeFlex hrtlCenter column&apos;)]&quot;}
  (Session info: chrome=83.0.4103.97)
For documentation on this error, please visit: https://www.seleniumhq.org/exceptions/no_such_element.html
Build info: version: &apos;3.141.59&apos;, revision: &apos;e82be7d358&apos;, time: &apos;2018-11-14T08:17:03&apos;
System info: host: &apos;DESKTOP-D5BDHV5&apos;, ip: &apos;192.168.43.207&apos;, os.name: &apos;Windows 10&apos;, os.arch: &apos;amd64&apos;, os.version: &apos;10.0&apos;, java.version: &apos;14.0.1&apos;
Driver info: org.openqa.selenium.remote.RemoteWebDriver
Capabilities {acceptInsecureCerts: false, browserName: chrome, browserVersion: 83.0.4103.97, chrome: {chromedriverVersion: 83.0.4103.39 (ccbf011cb2d2b..., userDataDir: C:\Users\yuvan\AppData\Loca...}, goog:chromeOptions: {debuggerAddress: localhost:53140}, javascriptEnabled: true, networkConnectionEnabled: false, pageLoadStrategy: normal, platform: WINDOWS, platformName: WINDOWS, proxy: Proxy(), setWindowRect: true, strictFileInteractability: false, timeouts: {implicit: 0, pageLoad: 300000, script: 30000}, unhandledPromptBehavior: dismiss and notify, webauthn:virtualAuthenticators: true, webdriver.remote.sessionid: 5efe7dd3c09614d5602aefca4a5...}
Session ID: 5efe7dd3c09614d5602aefca4a5ce445
*** Element info: {Using=xpath, value=//li[contains(@class,&apos;menu_Hotels&apos;)]//a[contains(@class,&apos;makeFlex hrtlCenter column&apos;)]}
	at org.openqa.selenium.remote.http.W3CHttpResponseCodec.createException(W3CHttpResponseCodec.java:187)
	at org.openqa.selenium.remote.http.W3CHttpResponseCodec.decode(W3CHttpResponseCodec.java:122)
	at org.openqa.selenium.remote.http.W3CHttpResponseCodec.decode(W3CHttpResponseCodec.java:49)
	at org.openqa.selenium.remote.HttpCommandExecutor.execute(HttpCommandExecutor.java:158)
	at org.openqa.selenium.remote.RemoteWebDriver.execute(RemoteWebDriver.java:552)
	at org.openqa.selenium.remote.RemoteWebDriver.findElement(RemoteWebDriver.java:323)
	at org.openqa.selenium.remote.RemoteWebDriver.findElementByXPath(RemoteWebDriver.java:428)
	at org.openqa.selenium.By$ByXPath.findElement(By.java:353)
	at org.openqa.selenium.remote.RemoteWebDriver.findElement(RemoteWebDriver.java:315)
	at org.openqa.selenium.support.pagefactory.DefaultElementLocator.findElement(DefaultElementLocator.java:69)
	at org.openqa.selenium.support.pagefactory.internal.LocatingElementHandler.invoke(LocatingElementHandler.java:38)
	at com.sun.proxy.$Proxy15.isEnabled(Unknown Source)
	at Pages.HomePage.click_HotelBooking_Icon(HomePage.java:82)
	at TestCases.ValidTestCases.test_Hotel_Booking_Icon(ValidTestCases.java:272)
	at java.base/java.util.concurrent.ThreadPoolExecutor.runWorker(ThreadPoolExecutor.java:1130)
	at java.base/java.util.concurrent.ThreadPoolExecutor$Worker.run(ThreadPoolExecutor.java:630)
	at java.base/java.lang.Thread.run(Thread.java:832)
... Removed 17 stack frames
</div> <!-- stack-trace -->
                </div> <!-- method-content -->
              </div> <!-- method -->
              <div class="method">
                <div class="method-content">
                  <a name="test_Hotel_Booking_Page_Title">
                  </a> <!-- test_Hotel_Booking_Page_Title -->
                  <span class="method-name">test_Hotel_Booking_Page_Title</span>
                  <div class="stack-trace">java.lang.AssertionError: expected [true] but found [false]
	at TestCases.ValidTestCases.test_Hotel_Booking_Page_Title(ValidTestCases.java:283)
	at java.base/java.util.concurrent.ThreadPoolExecutor.runWorker(ThreadPoolExecutor.java:1130)
	at java.base/java.util.concurrent.ThreadPoolExecutor$Worker.run(ThreadPoolExecutor.java:630)
	at java.base/java.lang.Thread.run(Thread.java:832)
... Removed 16 stack frames
</div> <!-- stack-trace -->
                </div> <!-- method-content -->
              </div> <!-- method -->
              <div class="method">
                <div class="method-content">
                  <a name="test_Set_Cab_Details">
                  </a> <!-- test_Set_Cab_Details -->
                  <span class="method-name">test_Set_Cab_Details</span>
                  <div class="stack-trace">org.openqa.selenium.NoSuchElementException: no such element: Unable to locate element: {&quot;method&quot;:&quot;xpath&quot;,&quot;selector&quot;:&quot;//*[@id=&quot;root&quot;]/div/div[2]/div/div/div[2]/div/div[2]/div[1]/div/div/div/input&quot;}
  (Session info: chrome=83.0.4103.97)
For documentation on this error, please visit: https://www.seleniumhq.org/exceptions/no_such_element.html
Build info: version: &apos;3.141.59&apos;, revision: &apos;e82be7d358&apos;, time: &apos;2018-11-14T08:17:03&apos;
System info: host: &apos;DESKTOP-D5BDHV5&apos;, ip: &apos;192.168.43.207&apos;, os.name: &apos;Windows 10&apos;, os.arch: &apos;amd64&apos;, os.version: &apos;10.0&apos;, java.version: &apos;14.0.1&apos;
Driver info: org.openqa.selenium.remote.RemoteWebDriver
Capabilities {acceptInsecureCerts: false, browserName: chrome, browserVersion: 83.0.4103.97, chrome: {chromedriverVersion: 83.0.4103.39 (ccbf011cb2d2b..., userDataDir: C:\Users\yuvan\AppData\Loca...}, goog:chromeOptions: {debuggerAddress: localhost:53140}, javascriptEnabled: true, networkConnectionEnabled: false, pageLoadStrategy: normal, platform: WINDOWS, platformName: WINDOWS, proxy: Proxy(), setWindowRect: true, strictFileInteractability: false, timeouts: {implicit: 0, pageLoad: 300000, script: 30000}, unhandledPromptBehavior: dismiss and notify, webauthn:virtualAuthenticators: true, webdriver.remote.sessionid: 5efe7dd3c09614d5602aefca4a5...}
Session ID: 5efe7dd3c09614d5602aefca4a5ce445
*** Element info: {Using=xpath, value=//*[@id=&quot;root&quot;]/div/div[2]/div/div/div[2]/div/div[2]/div[1]/div/div/div/input}
	at org.openqa.selenium.remote.http.W3CHttpResponseCodec.createException(W3CHttpResponseCodec.java:187)
	at org.openqa.selenium.remote.http.W3CHttpResponseCodec.decode(W3CHttpResponseCodec.java:122)
	at org.openqa.selenium.remote.http.W3CHttpResponseCodec.decode(W3CHttpResponseCodec.java:49)
	at org.openqa.selenium.remote.HttpCommandExecutor.execute(HttpCommandExecutor.java:158)
	at org.openqa.selenium.remote.RemoteWebDriver.execute(RemoteWebDriver.java:552)
	at org.openqa.selenium.remote.RemoteWebDriver.findElement(RemoteWebDriver.java:323)
	at org.openqa.selenium.remote.RemoteWebDriver.findElementByXPath(RemoteWebDriver.java:428)
	at org.openqa.selenium.By$ByXPath.findElement(By.java:353)
	at org.openqa.selenium.remote.RemoteWebDriver.findElement(RemoteWebDriver.java:315)
	at org.openqa.selenium.support.pagefactory.DefaultElementLocator.findElement(DefaultElementLocator.java:69)
	at org.openqa.selenium.support.pagefactory.internal.LocatingElementHandler.invoke(LocatingElementHandler.java:38)
	at com.sun.proxy.$Proxy15.sendKeys(Unknown Source)
	at Pages.CabSearch.set_FromCity_And_ToCity(CabSearch.java:77)
	at Pages.CabSearch.set_Cab_Details(CabSearch.java:62)
	at TestCases.ValidTestCases.test_Set_Cab_Details(ValidTestCases.java:183)
	at java.base/java.util.concurrent.ThreadPoolExecutor.runWorker(ThreadPoolExecutor.java:1130)
	at java.base/java.util.concurrent.ThreadPoolExecutor$Worker.run(ThreadPoolExecutor.java:630)
	at java.base/java.lang.Thread.run(Thread.java:832)
... Removed 17 stack frames
</div> <!-- stack-trace -->
                </div> <!-- method-content -->
              </div> <!-- method -->
              <div class="method">
                <div class="method-content">
                  <a name="test_Set_Flight_Details">
                  </a> <!-- test_Set_Flight_Details -->
                  <span class="method-name">test_Set_Flight_Details</span>
                  <div class="stack-trace">org.openqa.selenium.NoSuchElementException: no such element: Unable to locate element: {&quot;method&quot;:&quot;xpath&quot;,&quot;selector&quot;:&quot;//*[@id=&apos;root&apos;]/div/div[2]/div/div/div[1]/ul/li[2]&quot;}
  (Session info: chrome=83.0.4103.97)
For documentation on this error, please visit: https://www.seleniumhq.org/exceptions/no_such_element.html
Build info: version: &apos;3.141.59&apos;, revision: &apos;e82be7d358&apos;, time: &apos;2018-11-14T08:17:03&apos;
System info: host: &apos;DESKTOP-D5BDHV5&apos;, ip: &apos;192.168.43.207&apos;, os.name: &apos;Windows 10&apos;, os.arch: &apos;amd64&apos;, os.version: &apos;10.0&apos;, java.version: &apos;14.0.1&apos;
Driver info: org.openqa.selenium.remote.RemoteWebDriver
Capabilities {acceptInsecureCerts: false, browserName: chrome, browserVersion: 83.0.4103.97, chrome: {chromedriverVersion: 83.0.4103.39 (ccbf011cb2d2b..., userDataDir: C:\Users\yuvan\AppData\Loca...}, goog:chromeOptions: {debuggerAddress: localhost:53140}, javascriptEnabled: true, networkConnectionEnabled: false, pageLoadStrategy: normal, platform: WINDOWS, platformName: WINDOWS, proxy: Proxy(), setWindowRect: true, strictFileInteractability: false, timeouts: {implicit: 0, pageLoad: 300000, script: 30000}, unhandledPromptBehavior: dismiss and notify, webauthn:virtualAuthenticators: true, webdriver.remote.sessionid: 5efe7dd3c09614d5602aefca4a5...}
Session ID: 5efe7dd3c09614d5602aefca4a5ce445
*** Element info: {Using=xpath, value=//*[@id=&apos;root&apos;]/div/div[2]/div/div/div[1]/ul/li[2]}
	at org.openqa.selenium.remote.http.W3CHttpResponseCodec.createException(W3CHttpResponseCodec.java:187)
	at org.openqa.selenium.remote.http.W3CHttpResponseCodec.decode(W3CHttpResponseCodec.java:122)
	at org.openqa.selenium.remote.http.W3CHttpResponseCodec.decode(W3CHttpResponseCodec.java:49)
	at org.openqa.selenium.remote.HttpCommandExecutor.execute(HttpCommandExecutor.java:158)
	at org.openqa.selenium.remote.RemoteWebDriver.execute(RemoteWebDriver.java:552)
	at org.openqa.selenium.remote.RemoteWebDriver.findElement(RemoteWebDriver.java:323)
	at org.openqa.selenium.remote.RemoteWebDriver.findElementByXPath(RemoteWebDriver.java:428)
	at org.openqa.selenium.By$ByXPath.findElement(By.java:353)
	at org.openqa.selenium.remote.RemoteWebDriver.findElement(RemoteWebDriver.java:315)
	at org.openqa.selenium.support.pagefactory.DefaultElementLocator.findElement(DefaultElementLocator.java:69)
	at org.openqa.selenium.support.pagefactory.internal.LocatingElementHandler.invoke(LocatingElementHandler.java:38)
	at com.sun.proxy.$Proxy15.click(Unknown Source)
	at Pages.FlightSearch.click_RoundTrip_Button(FlightSearch.java:139)
	at TestCases.ValidTestCases.test_Set_Flight_Details(ValidTestCases.java:255)
	at java.base/java.util.concurrent.ThreadPoolExecutor.runWorker(ThreadPoolExecutor.java:1130)
	at java.base/java.util.concurrent.ThreadPoolExecutor$Worker.run(ThreadPoolExecutor.java:630)
	at java.base/java.lang.Thread.run(Thread.java:832)
... Removed 17 stack frames
</div> <!-- stack-trace -->
                </div> <!-- method-content -->
              </div> <!-- method -->
              <div class="method">
                <div class="method-content">
                  <a name="test_To_Check_Cab_Details">
                  </a> <!-- test_To_Check_Cab_Details -->
                  <span class="method-name">test_To_Check_Cab_Details</span>
                  <div class="stack-trace">org.openqa.selenium.NoSuchElementException: no such element: Unable to locate element: {&quot;method&quot;:&quot;xpath&quot;,&quot;selector&quot;:&quot;//input[@id=&apos;tripType&apos;]&quot;}
  (Session info: chrome=83.0.4103.97)
For documentation on this error, please visit: https://www.seleniumhq.org/exceptions/no_such_element.html
Build info: version: &apos;3.141.59&apos;, revision: &apos;e82be7d358&apos;, time: &apos;2018-11-14T08:17:03&apos;
System info: host: &apos;DESKTOP-D5BDHV5&apos;, ip: &apos;192.168.43.207&apos;, os.name: &apos;Windows 10&apos;, os.arch: &apos;amd64&apos;, os.version: &apos;10.0&apos;, java.version: &apos;14.0.1&apos;
Driver info: org.openqa.selenium.remote.RemoteWebDriver
Capabilities {acceptInsecureCerts: false, browserName: chrome, browserVersion: 83.0.4103.97, chrome: {chromedriverVersion: 83.0.4103.39 (ccbf011cb2d2b..., userDataDir: C:\Users\yuvan\AppData\Loca...}, goog:chromeOptions: {debuggerAddress: localhost:53140}, javascriptEnabled: true, networkConnectionEnabled: false, pageLoadStrategy: normal, platform: WINDOWS, platformName: WINDOWS, proxy: Proxy(), setWindowRect: true, strictFileInteractability: false, timeouts: {implicit: 0, pageLoad: 300000, script: 30000}, unhandledPromptBehavior: dismiss and notify, webauthn:virtualAuthenticators: true, webdriver.remote.sessionid: 5efe7dd3c09614d5602aefca4a5...}
Session ID: 5efe7dd3c09614d5602aefca4a5ce445
*** Element info: {Using=xpath, value=//input[@id=&apos;tripType&apos;]}
	at org.openqa.selenium.remote.http.W3CHttpResponseCodec.createException(W3CHttpResponseCodec.java:187)
	at org.openqa.selenium.remote.http.W3CHttpResponseCodec.decode(W3CHttpResponseCodec.java:122)
	at org.openqa.selenium.remote.http.W3CHttpResponseCodec.decode(W3CHttpResponseCodec.java:49)
	at org.openqa.selenium.remote.HttpCommandExecutor.execute(HttpCommandExecutor.java:158)
	at org.openqa.selenium.remote.RemoteWebDriver.execute(RemoteWebDriver.java:552)
	at org.openqa.selenium.remote.RemoteWebDriver.findElement(RemoteWebDriver.java:323)
	at org.openqa.selenium.remote.RemoteWebDriver.findElementByXPath(RemoteWebDriver.java:428)
	at org.openqa.selenium.By$ByXPath.findElement(By.java:353)
	at org.openqa.selenium.remote.RemoteWebDriver.findElement(RemoteWebDriver.java:315)
	at Pages.CabSearch.check_Trip_Type(CabSearch.java:182)
	at TestCases.ValidTestCases.test_To_Check_Cab_Details(ValidTestCases.java:197)
	at java.base/java.util.concurrent.ThreadPoolExecutor.runWorker(ThreadPoolExecutor.java:1130)
	at java.base/java.util.concurrent.ThreadPoolExecutor$Worker.run(ThreadPoolExecutor.java:630)
	at java.base/java.lang.Thread.run(Thread.java:832)
... Removed 17 stack frames
</div> <!-- stack-trace -->
                </div> <!-- method-content -->
              </div> <!-- method -->
            </div> <!-- main-panel-content rounded-window-bottom -->
          </div> <!-- suite-Regression_Testing-class-failed -->
          <div class="suite-Regression_Testing-class-passed">
            <div class="main-panel-header rounded-window-top">
              <img src="passed.png"/>
              <span class="class-name">TestCases.InvalidTestCases</span>
            </div> <!-- main-panel-header rounded-window-top -->
            <div class="main-panel-content rounded-window-bottom">
              <div class="method">
                <div class="method-content">
                  <a name="test_GiftCard">
                  </a> <!-- test_GiftCard -->
                  <span class="method-name">test_GiftCard</span>
                </div> <!-- method-content -->
              </div> <!-- method -->
              <div class="method">
                <div class="method-content">
                  <a name="test_Invalid_Date_Of_Journey">
                  </a> <!-- test_Invalid_Date_Of_Journey -->
                  <span class="method-name">test_Invalid_Date_Of_Journey</span>
                </div> <!-- method-content -->
              </div> <!-- method -->
              <div class="method">
                <div class="method-content">
                  <a name="test_OutstationTrip_Selected">
                  </a> <!-- test_OutstationTrip_Selected -->
                  <span class="method-name">test_OutstationTrip_Selected</span>
                </div> <!-- method-content -->
              </div> <!-- method -->
              <div class="method">
                <div class="method-content">
                  <a name="test_ReturnDate_Disabled">
                  </a> <!-- test_ReturnDate_Disabled -->
                  <span class="method-name">test_ReturnDate_Disabled</span>
                </div> <!-- method-content -->
              </div> <!-- method -->
              <div class="method">
                <div class="method-content">
                  <a name="test_Same_Location_Of_Journey">
                  </a> <!-- test_Same_Location_Of_Journey -->
                  <span class="method-name">test_Same_Location_Of_Journey</span>
                </div> <!-- method-content -->
              </div> <!-- method -->
            </div> <!-- main-panel-content rounded-window-bottom -->
          </div> <!-- suite-Regression_Testing-class-passed -->
          <div class="suite-Regression_Testing-class-passed">
            <div class="main-panel-header rounded-window-top">
              <img src="passed.png"/>
              <span class="class-name">TestCases.ValidTestCases</span>
            </div> <!-- main-panel-header rounded-window-top -->
            <div class="main-panel-content rounded-window-bottom">
              <div class="method">
                <div class="method-content">
                  <a name="test_Cab_Icon">
                  </a> <!-- test_Cab_Icon -->
                  <span class="method-name">test_Cab_Icon</span>
                </div> <!-- method-content -->
              </div> <!-- method -->
              <div class="method">
                <div class="method-content">
                  <a name="test_Cab_Page_Title">
                  </a> <!-- test_Cab_Page_Title -->
                  <span class="method-name">test_Cab_Page_Title</span>
                </div> <!-- method-content -->
              </div> <!-- method -->
              <div class="method">
                <div class="method-content">
                  <a name="test_OutstationOneWay_TripType">
                  </a> <!-- test_OutstationOneWay_TripType -->
                  <span class="method-name">test_OutstationOneWay_TripType</span>
                </div> <!-- method-content -->
              </div> <!-- method -->
              <div class="method">
                <div class="method-content">
                  <a name="test_URL_Appear_Correct">
                  </a> <!-- test_URL_Appear_Correct -->
                  <span class="method-name">test_URL_Appear_Correct</span>
                </div> <!-- method-content -->
              </div> <!-- method -->
            </div> <!-- main-panel-content rounded-window-bottom -->
          </div> <!-- suite-Regression_Testing-class-passed -->
        </div> <!-- panel Regression_Testing -->
        <div panel-name="test-xml-Regression_Testing" class="panel">
          <div class="main-panel-header rounded-window-top">
            <span class="header-content">C:\Users\yuvan\eclipse-workspace\MakeMyTrip\Suite Files\Regression.xml</span>
          </div> <!-- main-panel-header rounded-window-top -->
          <div class="main-panel-content rounded-window-bottom">
            <pre>
&lt;?xml version=&quot;1.0&quot; encoding=&quot;UTF-8&quot;?&gt;
&lt;!DOCTYPE suite SYSTEM &quot;https://testng.org/testng-1.0.dtd&quot;&gt;
&lt;suite thread-count=&quot;2&quot; parallel=&quot;classes&quot; name=&quot;Regression Testing&quot; guice-stage=&quot;DEVELOPMENT&quot;&gt;
  &lt;test thread-count=&quot;2&quot; parallel=&quot;classes&quot; name=&quot;Regression Test&quot;&gt;
    &lt;classes&gt;
      &lt;class name=&quot;TestCases.ValidTestCases&quot;/&gt;
      &lt;class name=&quot;TestCases.InvalidTestCases&quot;/&gt;
    &lt;/classes&gt;
  &lt;/test&gt; &lt;!-- Regression Test --&gt;
&lt;/suite&gt; &lt;!-- Regression Testing --&gt;
            </pre>
          </div> <!-- main-panel-content rounded-window-bottom -->
        </div> <!-- panel -->
        <div panel-name="testlist-Regression_Testing" class="panel">
          <div class="main-panel-header rounded-window-top">
            <span class="header-content">Tests for Regression Testing</span>
          </div> <!-- main-panel-header rounded-window-top -->
          <div class="main-panel-content rounded-window-bottom">
            <ul>
              <li>
                <span class="test-name">Regression Test (2 classes)</span>
              </li>
            </ul>
          </div> <!-- main-panel-content rounded-window-bottom -->
        </div> <!-- panel -->
        <div panel-name="group-Regression_Testing" class="panel">
          <div class="main-panel-header rounded-window-top">
            <span class="header-content">Groups for Regression Testing</span>
          </div> <!-- main-panel-header rounded-window-top -->
          <div class="main-panel-content rounded-window-bottom">
          </div> <!-- main-panel-content rounded-window-bottom -->
        </div> <!-- panel -->
        <div panel-name="times-Regression_Testing" class="panel">
          <div class="main-panel-header rounded-window-top">
            <span class="header-content">Times for Regression Testing</span>
          </div> <!-- main-panel-header rounded-window-top -->
          <div class="main-panel-content rounded-window-bottom">
            <div class="times-div">
              <script type="text/javascript">
suiteTableInitFunctions.push('tableData_Regression_Testing');
function tableData_Regression_Testing() {
var data = new google.visualization.DataTable();
data.addColumn('number', 'Number');
data.addColumn('string', 'Method');
data.addColumn('string', 'Class');
data.addColumn('number', 'Time (ms)');
data.addRows(19);
data.setCell(0, 0, 0)
data.setCell(0, 1, 'test_GiftCard')
data.setCell(0, 2, 'TestCases.InvalidTestCases')
data.setCell(0, 3, 53064);
data.setCell(1, 0, 1)
data.setCell(1, 1, 'test_To_Check_Cab_Details')
data.setCell(1, 2, 'TestCases.ValidTestCases')
data.setCell(1, 3, 16415);
data.setCell(2, 0, 2)
data.setCell(2, 1, 'test_Same_Location_Of_Journey')
data.setCell(2, 2, 'TestCases.InvalidTestCases')
data.setCell(2, 3, 15363);
data.setCell(3, 0, 3)
data.setCell(3, 1, 'test_Set_Cab_Details')
data.setCell(3, 2, 'TestCases.ValidTestCases')
data.setCell(3, 3, 13577);
data.setCell(4, 0, 4)
data.setCell(4, 1, 'test_URL_Appear_Correct')
data.setCell(4, 2, 'TestCases.ValidTestCases')
data.setCell(4, 3, 12118);
data.setCell(5, 0, 5)
data.setCell(5, 1, 'test_Set_Flight_Details')
data.setCell(5, 2, 'TestCases.ValidTestCases')
data.setCell(5, 3, 10206);
data.setCell(6, 0, 6)
data.setCell(6, 1, 'test_Flight_Button')
data.setCell(6, 2, 'TestCases.ValidTestCases')
data.setCell(6, 3, 10076);
data.setCell(7, 0, 7)
data.setCell(7, 1, 'test_Hotel_Booking')
data.setCell(7, 2, 'TestCases.ValidTestCases')
data.setCell(7, 3, 10072);
data.setCell(8, 0, 8)
data.setCell(8, 1, 'test_Hotel_Booking_Icon')
data.setCell(8, 2, 'TestCases.ValidTestCases')
data.setCell(8, 3, 10062);
data.setCell(9, 0, 9)
data.setCell(9, 1, 'test_Invalid_Date_Of_Journey')
data.setCell(9, 2, 'TestCases.InvalidTestCases')
data.setCell(9, 3, 1686);
data.setCell(10, 0, 10)
data.setCell(10, 1, 'test_OutstationTrip_Selected')
data.setCell(10, 2, 'TestCases.InvalidTestCases')
data.setCell(10, 3, 1630);
data.setCell(11, 0, 11)
data.setCell(11, 1, 'test_Cab_Icon')
data.setCell(11, 2, 'TestCases.ValidTestCases')
data.setCell(11, 3, 1075);
data.setCell(12, 0, 12)
data.setCell(12, 1, 'test_Flight_Icon')
data.setCell(12, 2, 'TestCases.ValidTestCases')
data.setCell(12, 3, 657);
data.setCell(13, 0, 13)
data.setCell(13, 1, 'test_Cab_Page_Title')
data.setCell(13, 2, 'TestCases.ValidTestCases')
data.setCell(13, 3, 259);
data.setCell(14, 0, 14)
data.setCell(14, 1, 'test_ReturnDate_Disabled')
data.setCell(14, 2, 'TestCases.InvalidTestCases')
data.setCell(14, 3, 130);
data.setCell(15, 0, 15)
data.setCell(15, 1, 'test_Home_Page_Title')
data.setCell(15, 2, 'TestCases.ValidTestCases')
data.setCell(15, 3, 129);
data.setCell(16, 0, 16)
data.setCell(16, 1, 'test_OutstationOneWay_TripType')
data.setCell(16, 2, 'TestCases.ValidTestCases')
data.setCell(16, 3, 128);
data.setCell(17, 0, 17)
data.setCell(17, 1, 'test_Flight_Page_Title')
data.setCell(17, 2, 'TestCases.ValidTestCases')
data.setCell(17, 3, 44);
data.setCell(18, 0, 18)
data.setCell(18, 1, 'test_Hotel_Booking_Page_Title')
data.setCell(18, 2, 'TestCases.ValidTestCases')
data.setCell(18, 3, 35);
window.suiteTableData['Regression_Testing']= { tableData: data, tableDiv: 'times-div-Regression_Testing'}
return data;
}
              </script>
              <span class="suite-total-time">Total running time: 2 minutes</span>
              <div id="times-div-Regression_Testing">
              </div> <!-- times-div-Regression_Testing -->
            </div> <!-- times-div -->
          </div> <!-- main-panel-content rounded-window-bottom -->
        </div> <!-- panel -->
        <div panel-name="reporter-Regression_Testing" class="panel">
          <div class="main-panel-header rounded-window-top">
            <span class="header-content">Reporter output for Regression Testing</span>
          </div> <!-- main-panel-header rounded-window-top -->
          <div class="main-panel-content rounded-window-bottom">
          </div> <!-- main-panel-content rounded-window-bottom -->
        </div> <!-- panel -->
        <div panel-name="ignored-methods-Regression_Testing" class="panel">
          <div class="main-panel-header rounded-window-top">
            <span class="header-content">1 ignored method</span>
          </div> <!-- main-panel-header rounded-window-top -->
          <div class="main-panel-content rounded-window-bottom">
            <div class="ignored-class-div">
              <span class="ignored-class-name">TestCases.InvalidTestCases</span>
              <div class="ignored-methods-div">
                <span class="ignored-method-name">generate_ExtentReport</span>
                <br/>
              </div> <!-- ignored-methods-div -->
            </div> <!-- ignored-class-div -->
          </div> <!-- main-panel-content rounded-window-bottom -->
        </div> <!-- panel -->
        <div panel-name="chronological-Regression_Testing" class="panel">
          <div class="main-panel-header rounded-window-top">
            <span class="header-content">Methods in chronological order</span>
          </div> <!-- main-panel-header rounded-window-top -->
          <div class="main-panel-content rounded-window-bottom">
            <div class="chronological-class">
              <div class="chronological-class-name">TestCases.ValidTestCases</div> <!-- chronological-class-name -->
              <div class="configuration-suite before">
                <span class="method-name">generate_ExtentReport</span>
                <span class="method-start">0 ms</span>
              </div> <!-- configuration-suite before -->
            </div> <!-- chronological-class -->
            <div class="chronological-class">
              <div class="chronological-class-name">TestCases.InvalidTestCases</div> <!-- chronological-class-name -->
              <div class="configuration-class before">
                <span class="method-name">get_Driver_Instance</span>
                <span class="method-start">226 ms</span>
              </div> <!-- configuration-class before -->
            </div> <!-- chronological-class -->
            <div class="chronological-class">
              <div class="chronological-class-name">TestCases.ValidTestCases</div> <!-- chronological-class-name -->
              <div class="configuration-class before">
                <span class="method-name">get_Driver_Instance</span>
                <span class="method-start">226 ms</span>
              </div> <!-- configuration-class before -->
              <div class="test-method">
                <span class="method-name">test_URL_Appear_Correct</span>
                <span class="method-start">25961 ms</span>
              </div> <!-- test-method -->
            </div> <!-- chronological-class -->
            <div class="chronological-class">
              <div class="chronological-class-name">TestCases.InvalidTestCases</div> <!-- chronological-class-name -->
              <div class="test-method">
                <span class="method-name">test_Same_Location_Of_Journey</span>
                <span class="method-start">29165 ms</span>
              </div> <!-- test-method -->
            </div> <!-- chronological-class -->
            <div class="chronological-class">
              <div class="chronological-class-name">TestCases.ValidTestCases</div> <!-- chronological-class-name -->
              <div class="configuration-method after">
                <span class="method-name">get_Test_Case_Result([TestResult name=test_URL_Appear_Correct status=SUCCESS method=ValidTestCases.test_URL_Appear_Correc...)</span>
                <span class="method-start">38094 ms</span>
              </div> <!-- configuration-method after -->
              <div class="test-method">
                <img src="failed.png">
                </img>
                <span class="method-name">test_Home_Page_Title</span>
                <span class="method-start">40805 ms</span>
              </div> <!-- test-method -->
              <div class="configuration-method after">
                <span class="method-name">get_Test_Case_Result([TestResult name=test_Home_Page_Title status=FAILURE method=ValidTestCases.test_Home_Page_Title()[pr...)</span>
                <span class="method-start">40976 ms</span>
              </div> <!-- configuration-method after -->
              <div class="test-method">
                <img src="failed.png">
                </img>
                <span class="method-name">test_Flight_Icon</span>
                <span class="method-start">42688 ms</span>
              </div> <!-- test-method -->
              <div class="configuration-method after">
                <span class="method-name">get_Test_Case_Result([TestResult name=test_Flight_Icon status=FAILURE method=ValidTestCases.test_Flight_Icon()[pri:5, ins...)</span>
                <span class="method-start">43348 ms</span>
              </div> <!-- configuration-method after -->
            </div> <!-- chronological-class -->
            <div class="chronological-class">
              <div class="chronological-class-name">TestCases.InvalidTestCases</div> <!-- chronological-class-name -->
              <div class="configuration-method after">
                <span class="method-name">get_Test_Case_Result([TestResult name=test_Same_Location_Of_Journey status=SUCCESS method=InvalidTestCases.test_Same_Loca...)</span>
                <span class="method-start">44530 ms</span>
              </div> <!-- configuration-method after -->
            </div> <!-- chronological-class -->
            <div class="chronological-class">
              <div class="chronological-class-name">TestCases.ValidTestCases</div> <!-- chronological-class-name -->
              <div class="test-method">
                <span class="method-name">test_Cab_Icon</span>
                <span class="method-start">45243 ms</span>
              </div> <!-- test-method -->
            </div> <!-- chronological-class -->
            <div class="chronological-class">
              <div class="chronological-class-name">TestCases.InvalidTestCases</div> <!-- chronological-class-name -->
              <div class="test-method">
                <span class="method-name">test_Invalid_Date_Of_Journey</span>
                <span class="method-start">45264 ms</span>
              </div> <!-- test-method -->
            </div> <!-- chronological-class -->
            <div class="chronological-class">
              <div class="chronological-class-name">TestCases.ValidTestCases</div> <!-- chronological-class-name -->
              <div class="configuration-method after">
                <span class="method-name">get_Test_Case_Result([TestResult name=test_Cab_Icon status=SUCCESS method=ValidTestCases.test_Cab_Icon()[pri:6, instance:...)</span>
                <span class="method-start">46320 ms</span>
              </div> <!-- configuration-method after -->
              <div class="test-method">
                <span class="method-name">test_Cab_Page_Title</span>
                <span class="method-start">46797 ms</span>
              </div> <!-- test-method -->
            </div> <!-- chronological-class -->
            <div class="chronological-class">
              <div class="chronological-class-name">TestCases.InvalidTestCases</div> <!-- chronological-class-name -->
              <div class="configuration-method after">
                <span class="method-name">get_Test_Case_Result([TestResult name=test_Invalid_Date_Of_Journey status=SUCCESS method=InvalidTestCases.test_Invalid_Da...)</span>
                <span class="method-start">46952 ms</span>
              </div> <!-- configuration-method after -->
            </div> <!-- chronological-class -->
            <div class="chronological-class">
              <div class="chronological-class-name">TestCases.ValidTestCases</div> <!-- chronological-class-name -->
              <div class="configuration-method after">
                <span class="method-name">get_Test_Case_Result([TestResult name=test_Cab_Page_Title status=SUCCESS method=ValidTestCases.test_Cab_Page_Title()[pri:...)</span>
                <span class="method-start">47065 ms</span>
              </div> <!-- configuration-method after -->
            </div> <!-- chronological-class -->
            <div class="chronological-class">
              <div class="chronological-class-name">TestCases.InvalidTestCases</div> <!-- chronological-class-name -->
              <div class="test-method">
                <span class="method-name">test_ReturnDate_Disabled</span>
                <span class="method-start">47536 ms</span>
              </div> <!-- test-method -->
            </div> <!-- chronological-class -->
            <div class="chronological-class">
              <div class="chronological-class-name">TestCases.ValidTestCases</div> <!-- chronological-class-name -->
              <div class="test-method">
                <span class="method-name">test_OutstationOneWay_TripType</span>
                <span class="method-start">47563 ms</span>
              </div> <!-- test-method -->
            </div> <!-- chronological-class -->
            <div class="chronological-class">
              <div class="chronological-class-name">TestCases.InvalidTestCases</div> <!-- chronological-class-name -->
              <div class="configuration-method after">
                <span class="method-name">get_Test_Case_Result([TestResult name=test_ReturnDate_Disabled status=SUCCESS method=InvalidTestCases.test_ReturnDate_Dis...)</span>
                <span class="method-start">47667 ms</span>
              </div> <!-- configuration-method after -->
            </div> <!-- chronological-class -->
            <div class="chronological-class">
              <div class="chronological-class-name">TestCases.ValidTestCases</div> <!-- chronological-class-name -->
              <div class="configuration-method after">
                <span class="method-name">get_Test_Case_Result([TestResult name=test_OutstationOneWay_TripType status=SUCCESS method=ValidTestCases.test_Outstation...)</span>
                <span class="method-start">47692 ms</span>
              </div> <!-- configuration-method after -->
              <div class="test-method">
                <img src="failed.png">
                </img>
                <span class="method-name">test_Set_Cab_Details</span>
                <span class="method-start">48310 ms</span>
              </div> <!-- test-method -->
            </div> <!-- chronological-class -->
            <div class="chronological-class">
              <div class="chronological-class-name">TestCases.InvalidTestCases</div> <!-- chronological-class-name -->
              <div class="test-method">
                <span class="method-name">test_OutstationTrip_Selected</span>
                <span class="method-start">48337 ms</span>
              </div> <!-- test-method -->
              <div class="configuration-method after">
                <span class="method-name">get_Test_Case_Result([TestResult name=test_OutstationTrip_Selected status=SUCCESS method=InvalidTestCases.test_Outstation...)</span>
                <span class="method-start">49969 ms</span>
              </div> <!-- configuration-method after -->
              <div class="test-method">
                <span class="method-name">test_GiftCard</span>
                <span class="method-start">50876 ms</span>
              </div> <!-- test-method -->
            </div> <!-- chronological-class -->
            <div class="chronological-class">
              <div class="chronological-class-name">TestCases.ValidTestCases</div> <!-- chronological-class-name -->
              <div class="configuration-method after">
                <span class="method-name">get_Test_Case_Result([TestResult name=test_Set_Cab_Details status=FAILURE method=ValidTestCases.test_Set_Cab_Details()[pr...)</span>
                <span class="method-start">61888 ms</span>
              </div> <!-- configuration-method after -->
              <div class="test-method">
                <img src="failed.png">
                </img>
                <span class="method-name">test_To_Check_Cab_Details</span>
                <span class="method-start">74520 ms</span>
              </div> <!-- test-method -->
              <div class="configuration-method after">
                <span class="method-name">get_Test_Case_Result([TestResult name=test_To_Check_Cab_Details status=FAILURE method=ValidTestCases.test_To_Check_Cab_De...)</span>
                <span class="method-start">90940 ms</span>
              </div> <!-- configuration-method after -->
              <div class="test-method">
                <img src="failed.png">
                </img>
                <span class="method-name">test_Flight_Button</span>
                <span class="method-start">92032 ms</span>
              </div> <!-- test-method -->
              <div class="configuration-method after">
                <span class="method-name">get_Test_Case_Result([TestResult name=test_Flight_Button status=FAILURE method=ValidTestCases.test_Flight_Button()[pri:11...)</span>
                <span class="method-start">102110 ms</span>
              </div> <!-- configuration-method after -->
              <div class="test-method">
                <img src="failed.png">
                </img>
                <span class="method-name">test_Flight_Page_Title</span>
                <span class="method-start">102947 ms</span>
              </div> <!-- test-method -->
              <div class="configuration-method after">
                <span class="method-name">get_Test_Case_Result([TestResult name=test_Flight_Page_Title status=FAILURE method=ValidTestCases.test_Flight_Page_Title(...)</span>
                <span class="method-start">102992 ms</span>
              </div> <!-- configuration-method after -->
            </div> <!-- chronological-class -->
            <div class="chronological-class">
              <div class="chronological-class-name">TestCases.InvalidTestCases</div> <!-- chronological-class-name -->
              <div class="configuration-method after">
                <img src="failed.png">
                </img>
                <span class="method-name">get_Test_Case_Result([TestResult name=test_GiftCard status=SUCCESS method=InvalidTestCases.test_GiftCard()[pri:6, instanc...)</span>
                <span class="method-start">103942 ms</span>
              </div> <!-- configuration-method after -->
              <div class="configuration-class after">
                <span class="method-name">terminate_Browser</span>
                <span class="method-start">103958 ms</span>
              </div> <!-- configuration-class after -->
            </div> <!-- chronological-class -->
            <div class="chronological-class">
              <div class="chronological-class-name">TestCases.ValidTestCases</div> <!-- chronological-class-name -->
              <div class="test-method">
                <img src="failed.png">
                </img>
                <span class="method-name">test_Set_Flight_Details</span>
                <span class="method-start">104005 ms</span>
              </div> <!-- test-method -->
              <div class="configuration-method after">
                <span class="method-name">get_Test_Case_Result([TestResult name=test_Set_Flight_Details status=FAILURE method=ValidTestCases.test_Set_Flight_Detail...)</span>
                <span class="method-start">114220 ms</span>
              </div> <!-- configuration-method after -->
              <div class="test-method">
                <img src="failed.png">
                </img>
                <span class="method-name">test_Hotel_Booking_Icon</span>
                <span class="method-start">115087 ms</span>
              </div> <!-- test-method -->
              <div class="configuration-method after">
                <span class="method-name">get_Test_Case_Result([TestResult name=test_Hotel_Booking_Icon status=FAILURE method=ValidTestCases.test_Hotel_Booking_Ico...)</span>
                <span class="method-start">125154 ms</span>
              </div> <!-- configuration-method after -->
              <div class="test-method">
                <img src="failed.png">
                </img>
                <span class="method-name">test_Hotel_Booking_Page_Title</span>
                <span class="method-start">126553 ms</span>
              </div> <!-- test-method -->
              <div class="configuration-method after">
                <span class="method-name">get_Test_Case_Result([TestResult name=test_Hotel_Booking_Page_Title status=FAILURE method=ValidTestCases.test_Hotel_Booki...)</span>
                <span class="method-start">126589 ms</span>
              </div> <!-- configuration-method after -->
              <div class="test-method">
                <img src="failed.png">
                </img>
                <span class="method-name">test_Hotel_Booking</span>
                <span class="method-start">127433 ms</span>
              </div> <!-- test-method -->
              <div class="configuration-method after">
                <span class="method-name">get_Test_Case_Result([TestResult name=test_Hotel_Booking status=FAILURE method=ValidTestCases.test_Hotel_Booking()[pri:16...)</span>
                <span class="method-start">137509 ms</span>
              </div> <!-- configuration-method after -->
              <div class="configuration-class after">
                <span class="method-name">terminate_Browser</span>
                <span class="method-start">138338 ms</span>
              </div> <!-- configuration-class after -->
            </div> <!-- chronological-class -->
            <div class="chronological-class">
              <div class="chronological-class-name">TestCases.InvalidTestCases</div> <!-- chronological-class-name -->
              <div class="configuration-suite after">
                <span class="method-name">terminate_Report</span>
                <span class="method-start">139334 ms</span>
              </div> <!-- configuration-suite after -->
          </div> <!-- main-panel-content rounded-window-bottom -->
        </div> <!-- panel -->
      </div> <!-- main-panel-root -->
    </div> <!-- wrapper -->
  </body>
</html>
