<?xml version="1.0" encoding="UTF-8"?>
<!-- Generated by org.testng.reporters.JUnitReportReporter -->
<testsuite hostname="DESKTOP-RIVIQO4" failures="0" tests="16" name="TestCases.ValidTestCases" time="135.287" errors="1" timestamp="2020-06-12T11:27:40 IST" skipped="0">
  <testcase classname="TestCases.ValidTestCases" name="test_URL_Appear_Correct" time="32.104"/>
  <system-out/>
  <testcase classname="TestCases.ValidTestCases" name="test_Home_Page_Title" time="1.449"/>
  <system-out/>
  <testcase classname="TestCases.ValidTestCases" name="test_SignIn_Button" time="7.438"/>
  <system-out/>
  <testcase classname="TestCases.ValidTestCases" name="test_LogIn_Details" time="17.120"/>
  <system-out/>
  <testcase classname="TestCases.ValidTestCases" name="test_Flight_Icon" time="0.723"/>
  <system-out/>
  <testcase classname="TestCases.ValidTestCases" name="test_Cab_Icon" time="1.823"/>
  <system-out/>
  <testcase classname="TestCases.ValidTestCases" name="test_Cab_Page_Title" time="0.461"/>
  <system-out/>
  <testcase classname="TestCases.ValidTestCases" name="test_OutstationOneWay_TripType" time="1.678"/>
  <system-out/>
  <testcase classname="TestCases.ValidTestCases" name="test_Set_Cab_Details" time="18.656"/>
  <system-out/>
  <testcase classname="TestCases.ValidTestCases" name="test_To_Check_Cab_Details" time="31.878">
    <error message="Expected condition failed: waiting for value to be &quot;Delhi, India&quot;. Current value: &quot;&quot; (tried for 30 second(s) with 500 milliseconds interval)
Build info: version: &#039;3.141.59&#039;, revision: &#039;e82be7d358&#039;, time: &#039;2018-11-14T08:17:03&#039;
System info: host: &#039;DESKTOP-RIVIQO4&#039;, ip: &#039;192.168.1.141&#039;, os.name: &#039;Windows 10&#039;, os.arch: &#039;amd64&#039;, os.version: &#039;10.0&#039;, java.version: &#039;14&#039;
Driver info: org.openqa.selenium.chrome.ChromeDriver
Capabilities {acceptInsecureCerts: false, browserName: chrome, browserVersion: 83.0.4103.97, chrome: {chromedriverVersion: 83.0.4103.39 (ccbf011cb2d2b..., userDataDir: C:\Users\SRIRAM~1\AppData\L...}, goog:chromeOptions: {debuggerAddress: localhost:50743}, javascriptEnabled: true, networkConnectionEnabled: false, pageLoadStrategy: normal, platform: WINDOWS, platformName: WINDOWS, proxy: Proxy(), setWindowRect: true, strictFileInteractability: false, timeouts: {implicit: 0, pageLoad: 300000, script: 30000}, unhandledPromptBehavior: dismiss and notify, webauthn:virtualAuthenticators: true}
Session ID: b370d3cb2cd847b889317bef95f4cebe" type="org.openqa.selenium.TimeoutException">
      <![CDATA[org.openqa.selenium.TimeoutException: Expected condition failed: waiting for value to be "Delhi, India". Current value: "" (tried for 30 second(s) with 500 milliseconds interval)
Build info: version: '3.141.59', revision: 'e82be7d358', time: '2018-11-14T08:17:03'
System info: host: 'DESKTOP-RIVIQO4', ip: '192.168.1.141', os.name: 'Windows 10', os.arch: 'amd64', os.version: '10.0', java.version: '14'
Driver info: org.openqa.selenium.chrome.ChromeDriver
Capabilities {acceptInsecureCerts: false, browserName: chrome, browserVersion: 83.0.4103.97, chrome: {chromedriverVersion: 83.0.4103.39 (ccbf011cb2d2b..., userDataDir: C:\Users\SRIRAM~1\AppData\L...}, goog:chromeOptions: {debuggerAddress: localhost:50743}, javascriptEnabled: true, networkConnectionEnabled: false, pageLoadStrategy: normal, platform: WINDOWS, platformName: WINDOWS, proxy: Proxy(), setWindowRect: true, strictFileInteractability: false, timeouts: {implicit: 0, pageLoad: 300000, script: 30000}, unhandledPromptBehavior: dismiss and notify, webauthn:virtualAuthenticators: true}
Session ID: b370d3cb2cd847b889317bef95f4cebe
at org.openqa.selenium.support.ui.WebDriverWait.timeoutException(WebDriverWait.java:95)
at org.openqa.selenium.support.ui.FluentWait.until(FluentWait.java:272)
at Pages.CabSearch.check_From_City(CabSearch.java:189)
at TestCases.ValidTestCases.test_To_Check_Cab_Details(ValidTestCases.java:185)
at java.base/jdk.internal.reflect.NativeMethodAccessorImpl.invoke0(Native Method)
at java.base/jdk.internal.reflect.NativeMethodAccessorImpl.invoke(NativeMethodAccessorImpl.java:62)
at java.base/jdk.internal.reflect.DelegatingMethodAccessorImpl.invoke(DelegatingMethodAccessorImpl.java:43)
at java.base/java.lang.reflect.Method.invoke(Method.java:564)
at org.testng.internal.MethodInvocationHelper.invokeMethod(MethodInvocationHelper.java:134)
at org.testng.internal.TestInvoker.invokeMethod(TestInvoker.java:597)
at org.testng.internal.TestInvoker.invokeTestMethod(TestInvoker.java:173)
at org.testng.internal.MethodRunner.runInSequence(MethodRunner.java:46)
at org.testng.internal.TestInvoker$MethodInvocationAgent.invoke(TestInvoker.java:816)
at org.testng.internal.TestInvoker.invokeTestMethods(TestInvoker.java:146)
at org.testng.internal.TestMethodWorker.invokeTestMethods(TestMethodWorker.java:146)
at org.testng.internal.TestMethodWorker.run(TestMethodWorker.java:128)
at java.base/java.util.ArrayList.forEach(ArrayList.java:1510)
at org.testng.TestRunner.privateRun(TestRunner.java:766)
at org.testng.TestRunner.run(TestRunner.java:587)
at org.testng.SuiteRunner.runTest(SuiteRunner.java:384)
at org.testng.SuiteRunner.runSequentially(SuiteRunner.java:378)
at org.testng.SuiteRunner.privateRun(SuiteRunner.java:337)
at org.testng.SuiteRunner.run(SuiteRunner.java:286)
at org.testng.SuiteRunnerWorker.runSuite(SuiteRunnerWorker.java:53)
at org.testng.SuiteRunnerWorker.run(SuiteRunnerWorker.java:96)
at org.testng.TestNG.runSuitesSequentially(TestNG.java:1187)
at org.testng.TestNG.runSuitesLocally(TestNG.java:1109)
at org.testng.TestNG.runSuites(TestNG.java:1039)
at org.testng.TestNG.run(TestNG.java:1007)
at org.testng.remote.AbstractRemoteTestNG.run(AbstractRemoteTestNG.java:115)
at org.testng.remote.RemoteTestNG.initAndRun(RemoteTestNG.java:251)
at org.testng.remote.RemoteTestNG.main(RemoteTestNG.java:77)
]]>
    </error>
  </testcase> <!-- test_To_Check_Cab_Details -->
  <system-out/>
  <testcase classname="TestCases.ValidTestCases" name="test_Flight_Button" time="3.763"/>
  <system-out/>
  <testcase classname="TestCases.ValidTestCases" name="test_Flight_Page_Title" time="1.398"/>
  <system-out/>
  <testcase classname="TestCases.ValidTestCases" name="test_Set_Flight_Details" time="10.308"/>
  <system-out/>
  <testcase classname="TestCases.ValidTestCases" name="test_Hotel_Booking_Icon" time="4.648"/>
  <system-out/>
  <testcase classname="TestCases.ValidTestCases" name="test_Hotel_Booking_Page_Title" time="0.893"/>
  <system-out/>
  <testcase classname="TestCases.ValidTestCases" name="test_Hotel_Booking" time="0.947"/>
  <system-out/>
</testsuite> <!-- TestCases.ValidTestCases -->
