<?xml version="1.0" encoding="UTF-8"?>
<!-- Generated by org.testng.reporters.JUnitXMLReporter -->
<testsuite ignored="15" hostname="DESKTOP-RIVIQO4" failures="1" tests="9" name="Cab Search Test" time="141.326" errors="0" timestamp="2020-06-09T15:44:57 IST">
  <testcase classname="TestCases.ValidTestCases" name="test_Cab_Icon" time="4.0"/>
  <testcase classname="TestCases.ValidTestCases" name="test_Cab_Page_Title" time="0.765"/>
  <testcase classname="TestCases.ValidTestCases" name="test_OutstationOneWay_TripType" time="0.114"/>
  <testcase classname="TestCases.ValidTestCases" name="test_Set_Cab_Details" time="10.511"/>
  <testcase classname="TestCases.ValidTestCases" name="test_To_Check_Cab_Details" time="21.483">
    <failure type="org.openqa.selenium.NoSuchElementException" message="no such element: Unable to locate element: {&amp;quot;method&amp;quot;:&amp;quot;xpath&amp;quot;,&amp;quot;selector&amp;quot;:&amp;quot;//*[@class=&amp;quot;sCapText&amp;quot; and ./p/text()=&amp;apos;Suv&amp;apos; ]/p/span[@class=&amp;quot;latoBlack makeFlex hrtlCenter&amp;quot;]&amp;quot;}
  (Session info: chrome=83.0.4103.97)
For documentation on this error, please visit: https://www.seleniumhq.org/exceptions/no_such_element.html
Build info: version: &amp;apos;3.141.59&amp;apos;, revision: &amp;apos;e82be7d358&amp;apos;, time: &amp;apos;2018-11-14T08:17:03&amp;apos;
System info: host: &amp;apos;DESKTOP-RIVIQO4&amp;apos;, ip: &amp;apos;192.168.1.141&amp;apos;, os.name: &amp;apos;Windows 10&amp;apos;, os.arch: &amp;apos;amd64&amp;apos;, os.version: &amp;apos;10.0&amp;apos;, java.version: &amp;apos;14&amp;apos;
Driver info: org.openqa.selenium.remote.RemoteWebDriver
Capabilities {acceptInsecureCerts: false, browserName: chrome, browserVersion: 83.0.4103.97, chrome: {chromedriverVersion: 83.0.4103.39 (ccbf011cb2d2b..., userDataDir: C:\Users\SRIRAM~1\AppData\L...}, goog:chromeOptions: {debuggerAddress: localhost:60131}, javascriptEnabled: true, networkConnectionEnabled: false, pageLoadStrategy: normal, platform: WINDOWS, platformName: WINDOWS, proxy: Proxy(), setWindowRect: true, strictFileInteractability: false, timeouts: {implicit: 0, pageLoad: 300000, script: 30000}, unhandledPromptBehavior: dismiss and notify, webauthn:virtualAuthenticators: true, webdriver.remote.sessionid: df4530f2ff15eddeab649e330a7...}
Session ID: df4530f2ff15eddeab649e330a703777
*** Element info: {Using=xpath, value=//*[@class=&amp;quot;sCapText&amp;quot; and ./p/text()=&amp;apos;Suv&amp;apos; ]/p/span[@class=&amp;quot;latoBlack makeFlex hrtlCenter&amp;quot;]}">
      <![CDATA[org.openqa.selenium.NoSuchElementException: no such element: Unable to locate element: {"method":"xpath","selector":"//*[@class="sCapText" and ./p/text()='Suv' ]/p/span[@class="latoBlack makeFlex hrtlCenter"]"}
  (Session info: chrome=83.0.4103.97)
For documentation on this error, please visit: https://www.seleniumhq.org/exceptions/no_such_element.html
Build info: version: '3.141.59', revision: 'e82be7d358', time: '2018-11-14T08:17:03'
System info: host: 'DESKTOP-RIVIQO4', ip: '192.168.1.141', os.name: 'Windows 10', os.arch: 'amd64', os.version: '10.0', java.version: '14'
Driver info: org.openqa.selenium.remote.RemoteWebDriver
Capabilities {acceptInsecureCerts: false, browserName: chrome, browserVersion: 83.0.4103.97, chrome: {chromedriverVersion: 83.0.4103.39 (ccbf011cb2d2b..., userDataDir: C:\Users\SRIRAM~1\AppData\L...}, goog:chromeOptions: {debuggerAddress: localhost:60131}, javascriptEnabled: true, networkConnectionEnabled: false, pageLoadStrategy: normal, platform: WINDOWS, platformName: WINDOWS, proxy: Proxy(), setWindowRect: true, strictFileInteractability: false, timeouts: {implicit: 0, pageLoad: 300000, script: 30000}, unhandledPromptBehavior: dismiss and notify, webauthn:virtualAuthenticators: true, webdriver.remote.sessionid: df4530f2ff15eddeab649e330a7...}
Session ID: df4530f2ff15eddeab649e330a703777
*** Element info: {Using=xpath, value=//*[@class="sCapText" and ./p/text()='Suv' ]/p/span[@class="latoBlack makeFlex hrtlCenter"]}
at org.openqa.selenium.remote.http.W3CHttpResponseCodec.createException(W3CHttpResponseCodec.java:187)
at org.openqa.selenium.remote.http.W3CHttpResponseCodec.decode(W3CHttpResponseCodec.java:122)
at org.openqa.selenium.remote.http.W3CHttpResponseCodec.decode(W3CHttpResponseCodec.java:49)
at org.openqa.selenium.remote.HttpCommandExecutor.execute(HttpCommandExecutor.java:158)
at org.openqa.selenium.remote.RemoteWebDriver.execute(RemoteWebDriver.java:552)
at org.openqa.selenium.remote.RemoteWebDriver.findElement(RemoteWebDriver.java:323)
at org.openqa.selenium.remote.RemoteWebDriver.findElementByXPath(RemoteWebDriver.java:428)
at org.openqa.selenium.By$ByXPath.findElement(By.java:353)
at org.openqa.selenium.remote.RemoteWebDriver.findElement(RemoteWebDriver.java:315)
at Pages.CabSearch.get_Car_Name(CabSearch.java:203)
at TestCases.ValidTestCases.test_To_Check_Cab_Details(ValidTestCases.java:174)
at java.base/java.util.ArrayList.forEach(ArrayList.java:1510)
... Removed 32 stack frames]]>
    </failure>
  </testcase> <!-- test_To_Check_Cab_Details -->
  <testcase classname="TestCases.InvalidTestCases" name="test_Same_Location_Of_Journey" time="5.854"/>
  <testcase classname="TestCases.InvalidTestCases" name="test_Invalid_Date_Of_Journey" time="1.068"/>
  <testcase classname="TestCases.InvalidTestCases" name="test_ReturnDate_Disabled" time="0.077"/>
  <testcase classname="TestCases.InvalidTestCases" name="test_OutstationTrip_Selected" time="1.287"/>
  <testcase classname="TestCases.ValidTestCases" name="test_URL_Appear_Correct" time="0.0">
    <ignored/>
  </testcase> <!-- test_URL_Appear_Correct -->
  <testcase classname="TestCases.ValidTestCases" name="test_Hotel_Booking_Icon" time="0.0">
    <ignored/>
  </testcase> <!-- test_Hotel_Booking_Icon -->
  <testcase classname="TestCases.ValidTestCases" name="test_SignIn_Button" time="0.0">
    <ignored/>
  </testcase> <!-- test_SignIn_Button -->
  <testcase classname="TestCases.ValidTestCases" name="test_Flight_Icon" time="0.0">
    <ignored/>
  </testcase> <!-- test_Flight_Icon -->
  <testcase classname="TestCases.InvalidTestCases" name="test_Invalid_Username_Details" time="0.0">
    <ignored/>
  </testcase> <!-- test_Invalid_Username_Details -->
  <testcase classname="Setup.BaseClass" name="@BeforeSuite generate_ExtentReport" time="0.0">
    <ignored/>
  </testcase> <!-- @BeforeSuite generate_ExtentReport -->
  <testcase classname="TestCases.ValidTestCases" name="test_Flight_Page_Title" time="0.0">
    <ignored/>
  </testcase> <!-- test_Flight_Page_Title -->
  <testcase classname="TestCases.ValidTestCases" name="test_Set_Flight_Details" time="0.0">
    <ignored/>
  </testcase> <!-- test_Set_Flight_Details -->
  <testcase classname="TestCases.ValidTestCases" name="test_Flight_Button" time="0.0">
    <ignored/>
  </testcase> <!-- test_Flight_Button -->
  <testcase classname="TestCases.ValidTestCases" name="test_Hotel_Booking" time="0.0">
    <ignored/>
  </testcase> <!-- test_Hotel_Booking -->
  <testcase classname="TestCases.ValidTestCases" name="test_Home_Page_Title" time="0.0">
    <ignored/>
  </testcase> <!-- test_Home_Page_Title -->
  <testcase classname="TestCases.ValidTestCases" name="test_LogIn_Details" time="0.0">
    <ignored/>
  </testcase> <!-- test_LogIn_Details -->
  <testcase classname="TestCases.ValidTestCases" name="test_Hotel_Booking_Page_Title" time="0.0">
    <ignored/>
  </testcase> <!-- test_Hotel_Booking_Page_Title -->
  <testcase classname="TestCases.InvalidTestCases" name="test_GiftCard" time="0.0">
    <ignored/>
  </testcase> <!-- test_GiftCard -->
  <testcase classname="TestCases.InvalidTestCases" name="test_Invalid_Password_Details" time="0.0">
    <ignored/>
  </testcase> <!-- test_Invalid_Password_Details -->
</testsuite> <!-- Cab Search Test -->
